# zsim stats
===
root: # Stats
 contention: # Contention simulation stats
  domain-0: # Domain stats
   time: 3826117184 # Weave simulation time
 time: # Simulator time breakdown
  init: 5500588694278
  bound: 33941113951
  weave: 26610774607
  ff: 0
 trigger: 20000 # Reason for this stats dump
 phase: 17180 # Simulated phases
 westmere: # Core stats
  westmere-0: # Core stats
   cycles: 171803100 # Simulated unhalted cycles
   cCycles: 45512263 # Cycles due to contention stalls
   instrs: 100007814 # Simulated instructions
   uops: 117234358 # Retired micro-ops
   bbls: 8769877 # Basic blocks
   approxInstrs: 737961 # Instrs with approx uop decoding
   mispredBranches: 70865 # Mispredicted branches
   condBranches: 8611361 # conditional branches
 l1i: # Cache stats
  l1i-0: # Filter cache stats
   fhGETS: 11618834 # Filtered GETS hits
   fhGETX: 0 # Filtered GETX hits
   hGETS: 490 # GETS hits
   hGETX: 0 # GETX hits
   mGETS: 1003 # GETS misses
   mGETXIM: 0 # GETX I->M misses
   mGETXSM: 0 # GETX S->M misses (upgrade misses)
   PUTS: 0 # Clean evictions (from lower level)
   PUTX: 0 # Dirty evictions (from lower level)
   INV: 5 # Invalidates (from upper level)
   INVX: 0 # Downgrades (from upper level)
   FWD: 0 # Forwards (from upper level)
   latGETnl: 121456 # GET request latency on next level
   latGETnet: 0 # GET request latency on network to next level
 l1d: # Cache stats
  l1d-0: # Filter cache stats
   fhGETS: 19325905 # Filtered GETS hits
   fhGETX: 5381375 # Filtered GETX hits
   hGETS: 11499825 # GETS hits
   hGETX: 4686084 # GETX hits
   mGETS: 2467167 # GETS misses
   mGETXIM: 892060 # GETX I->M misses
   mGETXSM: 0 # GETX S->M misses (upgrade misses)
   PUTS: 0 # Clean evictions (from lower level)
   PUTX: 0 # Dirty evictions (from lower level)
   INV: 0 # Invalidates (from upper level)
   INVX: 0 # Downgrades (from upper level)
   FWD: 0 # Forwards (from upper level)
   latGETnl: 310745482 # GET request latency on next level
   latGETnet: 0 # GET request latency on network to next level
 l2: # Cache stats
  l2-0: # Cache stats
   hGETS: 527492 # GETS hits
   hGETX: 212301 # GETX hits
   mGETS: 1940678 # GETS misses
   mGETXIM: 679759 # GETX I->M misses
   mGETXSM: 0 # GETX S->M misses (upgrade misses)
   PUTS: 2178281 # Clean evictions (from lower level)
   PUTX: 1180924 # Dirty evictions (from lower level)
   INV: 5 # Invalidates (from upper level)
   INVX: 0 # Downgrades (from upper level)
   FWD: 0 # Forwards (from upper level)
   latGETnl: 277264638 # GET request latency on next level
   latGETnet: 0 # GET request latency on network to next level
 l3: # Cache stats
  l3-0: # Cache stats
   hGETS: 196464 # GETS hits
   hGETX: 42038 # GETX hits
   mGETS: 1744214 # GETS misses
   mGETXIM: 637721 # GETX I->M misses
   mGETXSM: 0 # GETX S->M misses (upgrade misses)
   PUTS: 1710908 # Clean evictions (from lower level)
   PUTX: 905428 # Dirty evictions (from lower level)
   INV: 0 # Invalidates (from upper level)
   INVX: 0 # Downgrades (from upper level)
   FWD: 0 # Forwards (from upper level)
   latGETnl: 214374150 # GET request latency on next level
   latGETnet: 0 # GET request latency on network to next level
 mem: # Memory controller stats
  mem-0: # Memory controller stats
   rd: 595400 # Read requests
   wr: 209623 # Write requests
   rdlat: 88128335 # Total latency experienced by read requests
   wrlat: 33508845 # Total latency experienced by write requests
   rdhits: 265 # Read row hits
   wrhits: 800 # Write row hits
   mlh: # latency histogram for memory requests
    0: 0
    1: 0
    2: 0
    3: 0
    4: 0
    5: 0
    6: 0
    7: 0
    8: 0
    9: 0
    10: 0
    11: 9
    12: 1
    13: 370694
    14: 87281
    15: 56647
    16: 6617
    17: 20461
    18: 10918
    19: 5238
    20: 587
    21: 640
    22: 502
    23: 3695
    24: 14704
    25: 5409
    26: 2283
    27: 724
    28: 317
    29: 438
    30: 354
    31: 337
    32: 334
    33: 389
    34: 438
    35: 2632
    36: 541
    37: 309
    38: 340
    39: 362
    40: 328
    41: 340
    42: 322
    43: 245
    44: 107
    45: 72
    46: 57
    47: 110
    48: 183
    49: 99
    50: 62
    51: 75
    52: 48
    53: 35
    54: 22
    55: 15
    56: 3
    57: 1
    58: 11
    59: 28
    60: 9
    61: 7
    62: 1
    63: 7
    64: 6
    65: 0
    66: 1
    67: 0
    68: 0
    69: 1
    70: 3
    71: 0
    72: 0
    73: 1
    74: 0
    75: 0
    76: 0
    77: 0
    78: 0
    79: 0
    80: 0
    81: 0
    82: 0
    83: 0
    84: 0
    85: 0
    86: 0
    87: 0
    88: 0
    89: 0
    90: 0
    91: 0
    92: 0
    93: 0
    94: 0
    95: 0
    96: 0
    97: 0
    98: 0
    99: 0
  mem-1: # Memory controller stats
   rd: 595452 # Read requests
   wr: 209559 # Write requests
   rdlat: 88148622 # Total latency experienced by read requests
   wrlat: 33529574 # Total latency experienced by write requests
   rdhits: 265 # Read row hits
   wrhits: 950 # Write row hits
   mlh: # latency histogram for memory requests
    0: 0
    1: 0
    2: 0
    3: 0
    4: 0
    5: 0
    6: 0
    7: 0
    8: 0
    9: 0
    10: 0
    11: 10
    12: 1
    13: 370942
    14: 87253
    15: 56568
    16: 6494
    17: 20428
    18: 10923
    19: 5339
    20: 599
    21: 638
    22: 555
    23: 3532
    24: 14794
    25: 5378
    26: 2221
    27: 756
    28: 285
    29: 389
    30: 352
    31: 321
    32: 298
    33: 342
    34: 425
    35: 2663
    36: 545
    37: 333
    38: 366
    39: 383
    40: 360
    41: 361
    42: 386
    43: 226
    44: 115
    45: 77
    46: 59
    47: 122
    48: 180
    49: 107
    50: 60
    51: 78
    52: 35
    53: 33
    54: 26
    55: 11
    56: 7
    57: 4
    58: 13
    59: 17
    60: 11
    61: 7
    62: 8
    63: 3
    64: 6
    65: 2
    66: 1
    67: 1
    68: 0
    69: 2
    70: 0
    71: 1
    72: 0
    73: 0
    74: 0
    75: 0
    76: 0
    77: 0
    78: 0
    79: 0
    80: 0
    81: 0
    82: 0
    83: 0
    84: 0
    85: 0
    86: 0
    87: 0
    88: 0
    89: 0
    90: 0
    91: 0
    92: 0
    93: 0
    94: 0
    95: 0
    96: 0
    97: 0
    98: 0
    99: 0
  mem-2: # Memory controller stats
   rd: 595551 # Read requests
   wr: 209651 # Write requests
   rdlat: 88202168 # Total latency experienced by read requests
   wrlat: 33523057 # Total latency experienced by write requests
   rdhits: 259 # Read row hits
   wrhits: 862 # Write row hits
   mlh: # latency histogram for memory requests
    0: 0
    1: 0
    2: 0
    3: 0
    4: 0
    5: 0
    6: 0
    7: 0
    8: 0
    9: 0
    10: 0
    11: 4
    12: 0
    13: 369944
    14: 87676
    15: 56576
    16: 6744
    17: 20477
    18: 10999
    19: 5263
    20: 671
    21: 791
    22: 556
    23: 3755
    24: 14647
    25: 5428
    26: 2265
    27: 751
    28: 295
    29: 390
    30: 370
    31: 364
    32: 347
    33: 372
    34: 470
    35: 2610
    36: 536
    37: 314
    38: 342
    39: 318
    40: 339
    41: 342
    42: 351
    43: 233
    44: 116
    45: 77
    46: 51
    47: 113
    48: 184
    49: 106
    50: 81
    51: 73
    52: 40
    53: 31
    54: 30
    55: 13
    56: 5
    57: 0
    58: 23
    59: 30
    60: 7
    61: 4
    62: 5
    63: 5
    64: 11
    65: 3
    66: 1
    67: 0
    68: 0
    69: 1
    70: 0
    71: 1
    72: 0
    73: 0
    74: 0
    75: 0
    76: 0
    77: 0
    78: 0
    79: 0
    80: 0
    81: 0
    82: 0
    83: 0
    84: 0
    85: 0
    86: 0
    87: 0
    88: 0
    89: 0
    90: 0
    91: 0
    92: 0
    93: 0
    94: 0
    95: 0
    96: 0
    97: 0
    98: 0
    99: 0
  mem-3: # Memory controller stats
   rd: 595481 # Read requests
   wr: 209608 # Write requests
   rdlat: 88163961 # Total latency experienced by read requests
   wrlat: 33541193 # Total latency experienced by write requests
   rdhits: 260 # Read row hits
   wrhits: 898 # Write row hits
   mlh: # latency histogram for memory requests
    0: 0
    1: 0
    2: 0
    3: 0
    4: 0
    5: 0
    6: 0
    7: 0
    8: 0
    9: 0
    10: 0
    11: 7
    12: 0
    13: 370608
    14: 87103
    15: 56498
    16: 6667
    17: 20467
    18: 10998
    19: 5382
    20: 705
    21: 686
    22: 583
    23: 3592
    24: 14719
    25: 5402
    26: 2265
    27: 740
    28: 297
    29: 455
    30: 390
    31: 350
    32: 326
    33: 394
    34: 444
    35: 2611
    36: 542
    37: 371
    38: 372
    39: 337
    40: 342
    41: 313
    42: 379
    43: 234
    44: 116
    45: 53
    46: 49
    47: 108
    48: 157
    49: 91
    50: 73
    51: 57
    52: 40
    53: 35
    54: 31
    55: 15
    56: 7
    57: 6
    58: 14
    59: 17
    60: 5
    61: 5
    62: 5
    63: 4
    64: 2
    65: 4
    66: 1
    67: 0
    68: 1
    69: 3
    70: 1
    71: 2
    72: 0
    73: 0
    74: 0
    75: 0
    76: 0
    77: 0
    78: 0
    79: 0
    80: 0
    81: 0
    82: 0
    83: 0
    84: 0
    85: 0
    86: 0
    87: 0
    88: 0
    89: 0
    90: 0
    91: 0
    92: 0
    93: 0
    94: 0
    95: 0
    96: 0
    97: 0
    98: 0
    99: 0
 sched: # Scheduler stats
  thCr: 1 # Threads created
  thFn: 1 # Threads finished
  schedEvs: 1 # Schedule events
  waitEvs: 0 # Wait events
  handoffEvs: 0 # Handoff events
  sleepEvs: 0 # Sleep events
  idlePhases: 0 # Phases with no thread active
  idlePeriods: 0 # Periods with no thread active
  occHist: # Occupancy histogram
   0: 0
   1: 17180
  rqSzHist: # Run queue size histogram
   0: 17180
   1: 0
   2: 0
   3: 0
   4: 0
   5: 0
   6: 0
   7: 0
   8: 0
   9: 0
   10: 0
   11: 0
   12: 0
   13: 0
   14: 0
   15: 0
   16: 0
 procCycles: # Per-process unhalted core cycles
  0: 171803100
  1: 0
  2: 0
  3: 0
  4: 0
  5: 0
  6: 0
  7: 0
  8: 0
  9: 0
  10: 0
  11: 0
  12: 0
  13: 0
  14: 0
  15: 0
  16: 0
  17: 0
  18: 0
  19: 0
  20: 0
  21: 0
  22: 0
  23: 0
  24: 0
  25: 0
  26: 0
  27: 0
  28: 0
  29: 0
  30: 0
  31: 0
  32: 0
  33: 0
  34: 0
  35: 0
  36: 0
  37: 0
  38: 0
  39: 0
  40: 0
  41: 0
  42: 0
  43: 0
  44: 0
  45: 0
  46: 0
  47: 0
  48: 0
  49: 0
  50: 0
  51: 0
  52: 0
  53: 0
  54: 0
  55: 0
  56: 0
  57: 0
  58: 0
  59: 0
  60: 0
  61: 0
  62: 0
  63: 0
 procInstrs: # Per-process instructions
  0: 100007814
  1: 0
  2: 0
  3: 0
  4: 0
  5: 0
  6: 0
  7: 0
  8: 0
  9: 0
  10: 0
  11: 0
  12: 0
  13: 0
  14: 0
  15: 0
  16: 0
  17: 0
  18: 0
  19: 0
  20: 0
  21: 0
  22: 0
  23: 0
  24: 0
  25: 0
  26: 0
  27: 0
  28: 0
  29: 0
  30: 0
  31: 0
  32: 0
  33: 0
  34: 0
  35: 0
  36: 0
  37: 0
  38: 0
  39: 0
  40: 0
  41: 0
  42: 0
  43: 0
  44: 0
  45: 0
  46: 0
  47: 0
  48: 0
  49: 0
  50: 0
  51: 0
  52: 0
  53: 0
  54: 0
  55: 0
  56: 0
  57: 0
  58: 0
  59: 0
  60: 0
  61: 0
  62: 0
  63: 0
 heartbeats: # Per-process heartbeats
  0: 0
  1: 0
  2: 0
  3: 0
  4: 0
  5: 0
  6: 0
  7: 0
  8: 0
  9: 0
  10: 0
  11: 0
  12: 0
  13: 0
  14: 0
  15: 0
  16: 0
  17: 0
  18: 0
  19: 0
  20: 0
  21: 0
  22: 0
  23: 0
  24: 0
  25: 0
  26: 0
  27: 0
  28: 0
  29: 0
  30: 0
  31: 0
  32: 0
  33: 0
  34: 0
  35: 0
  36: 0
  37: 0
  38: 0
  39: 0
  40: 0
  41: 0
  42: 0
  43: 0
  44: 0
  45: 0
  46: 0
  47: 0
  48: 0
  49: 0
  50: 0
  51: 0
  52: 0
  53: 0
  54: 0
  55: 0
  56: 0
  57: 0
  58: 0
  59: 0
  60: 0
  61: 0
  62: 0
  63: 0
===
