# zsim stats
===
root: # Stats
 contention: # Contention simulation stats
  domain-0: # Domain stats
   time: 8719320699 # Weave simulation time
 time: # Simulator time breakdown
  init: 748584858432
  bound: 39064966860
  weave: 9797891344
  ff: 0
 trigger: 20000 # Reason for this stats dump
 phase: 63061 # Simulated phases
 westmere: # Core stats
  westmere-0: # Core stats
   cycles: 630612815 # Simulated unhalted cycles
   cCycles: 142201981 # Cycles due to contention stalls
   instrs: 100000476 # Simulated instructions
   uops: 101912367 # Retired micro-ops
   bbls: 27652635 # Basic blocks
   approxInstrs: 22402 # Instrs with approx uop decoding
   mispredBranches: 1591211 # Mispredicted branches
   condBranches: 25800900 # conditional branches
 l1i: # Cache stats
  l1i-0: # Filter cache stats
   fhGETS: 35447754 # Filtered GETS hits
   fhGETX: 0 # Filtered GETX hits
   hGETS: 0 # GETS hits
   hGETX: 0 # GETX hits
   mGETS: 7237 # GETS misses
   mGETXIM: 0 # GETX I->M misses
   mGETXSM: 0 # GETX S->M misses (upgrade misses)
   PUTS: 0 # Clean evictions (from lower level)
   PUTX: 0 # Dirty evictions (from lower level)
   INV: 7229 # Invalidates (from upper level)
   INVX: 0 # Downgrades (from upper level)
   FWD: 0 # Forwards (from upper level)
   latGETnl: 897388 # GET request latency on next level
   latGETnet: 0 # GET request latency on network to next level
 l1d: # Cache stats
  l1d-0: # Filter cache stats
   fhGETS: 22278343 # Filtered GETS hits
   fhGETX: 2291124 # Filtered GETX hits
   hGETS: 1835495 # GETS hits
   hGETX: 3240717 # GETX hits
   mGETS: 12462817 # GETS misses
   mGETXIM: 259308 # GETX I->M misses
   mGETXSM: 0 # GETX S->M misses (upgrade misses)
   PUTS: 0 # Clean evictions (from lower level)
   PUTX: 0 # Dirty evictions (from lower level)
   INV: 1226 # Invalidates (from upper level)
   INVX: 0 # Downgrades (from upper level)
   FWD: 0 # Forwards (from upper level)
   latGETnl: 1064027710 # GET request latency on next level
   latGETnet: 0 # GET request latency on network to next level
 l2: # Cache stats
  l2-0: # Cache stats
   hGETS: 2419167 # GETS hits
   hGETX: 85938 # GETX hits
   mGETS: 10050887 # GETS misses
   mGETXIM: 173370 # GETX I->M misses
   mGETXSM: 0 # GETX S->M misses (upgrade misses)
   PUTS: 9459794 # Clean evictions (from lower level)
   PUTX: 3260593 # Dirty evictions (from lower level)
   INV: 10661 # Invalidates (from upper level)
   INVX: 0 # Downgrades (from upper level)
   FWD: 0 # Forwards (from upper level)
   latGETnl: 937631478 # GET request latency on next level
   latGETnet: 0 # GET request latency on network to next level
 l3: # Cache stats
  l3-0: # Cache stats
   hGETS: 2474578 # GETS hits
   hGETX: 58020 # GETX hits
   mGETS: 7576309 # GETS misses
   mGETXIM: 115350 # GETX I->M misses
   mGETXSM: 0 # GETX S->M misses (upgrade misses)
   PUTS: 7437713 # Clean evictions (from lower level)
   PUTX: 2771788 # Dirty evictions (from lower level)
   INV: 0 # Invalidates (from upper level)
   INVX: 0 # Downgrades (from upper level)
   FWD: 0 # Forwards (from upper level)
   latGETnl: 692249310 # GET request latency on next level
   latGETnet: 0 # GET request latency on network to next level
 mem: # Memory controller stats
  mem-0: # Memory controller stats
   rd: 1921849 # Read requests
   wr: 619856 # Write requests
   rdlat: 261594607 # Total latency experienced by read requests
   wrlat: 90054358 # Total latency experienced by write requests
   rdhits: 1872 # Read row hits
   wrhits: 1884 # Write row hits
   mlh: # latency histogram for memory requests
    0: 0
    1: 0
    2: 0
    3: 0
    4: 0
    5: 0
    6: 0
    7: 0
    8: 0
    9: 0
    10: 0
    11: 222
    12: 358
    13: 1694287
    14: 132912
    15: 48011
    16: 13976
    17: 2632
    18: 914
    19: 929
    20: 1064
    21: 1179
    22: 857
    23: 1172
    24: 2793
    25: 1665
    26: 524
    27: 602
    28: 633
    29: 696
    30: 1084
    31: 1256
    32: 1025
    33: 1133
    34: 1187
    35: 1397
    36: 1318
    37: 1181
    38: 1092
    39: 1126
    40: 1064
    41: 1048
    42: 1066
    43: 503
    44: 246
    45: 157
    46: 120
    47: 205
    48: 131
    49: 39
    50: 13
    51: 8
    52: 9
    53: 6
    54: 7
    55: 1
    56: 0
    57: 0
    58: 0
    59: 1
    60: 0
    61: 0
    62: 0
    63: 0
    64: 0
    65: 0
    66: 0
    67: 0
    68: 0
    69: 0
    70: 0
    71: 0
    72: 0
    73: 0
    74: 0
    75: 0
    76: 0
    77: 0
    78: 0
    79: 0
    80: 0
    81: 0
    82: 0
    83: 0
    84: 0
    85: 0
    86: 0
    87: 0
    88: 0
    89: 0
    90: 0
    91: 0
    92: 0
    93: 0
    94: 0
    95: 0
    96: 0
    97: 0
    98: 0
    99: 0
  mem-1: # Memory controller stats
   rd: 1918451 # Read requests
   wr: 618684 # Write requests
   rdlat: 261173189 # Total latency experienced by read requests
   wrlat: 90040175 # Total latency experienced by write requests
   rdhits: 1701 # Read row hits
   wrhits: 1930 # Write row hits
   mlh: # latency histogram for memory requests
    0: 0
    1: 0
    2: 0
    3: 0
    4: 0
    5: 0
    6: 0
    7: 0
    8: 0
    9: 0
    10: 0
    11: 175
    12: 371
    13: 1691888
    14: 131902
    15: 47998
    16: 14017
    17: 2383
    18: 854
    19: 883
    20: 1135
    21: 1109
    22: 839
    23: 1218
    24: 2718
    25: 1957
    26: 507
    27: 612
    28: 643
    29: 746
    30: 1054
    31: 1352
    32: 1107
    33: 1187
    34: 1237
    35: 1325
    36: 1282
    37: 1170
    38: 1061
    39: 1089
    40: 1077
    41: 1079
    42: 1031
    43: 475
    44: 200
    45: 180
    46: 120
    47: 242
    48: 137
    49: 36
    50: 18
    51: 7
    52: 8
    53: 9
    54: 4
    55: 4
    56: 2
    57: 2
    58: 1
    59: 0
    60: 0
    61: 0
    62: 0
    63: 0
    64: 0
    65: 0
    66: 0
    67: 0
    68: 0
    69: 0
    70: 0
    71: 0
    72: 0
    73: 0
    74: 0
    75: 0
    76: 0
    77: 0
    78: 0
    79: 0
    80: 0
    81: 0
    82: 0
    83: 0
    84: 0
    85: 0
    86: 0
    87: 0
    88: 0
    89: 0
    90: 0
    91: 0
    92: 0
    93: 0
    94: 0
    95: 0
    96: 0
    97: 0
    98: 0
    99: 0
  mem-2: # Memory controller stats
   rd: 1937016 # Read requests
   wr: 617958 # Write requests
   rdlat: 263827298 # Total latency experienced by read requests
   wrlat: 90006062 # Total latency experienced by write requests
   rdhits: 1946 # Read row hits
   wrhits: 1881 # Write row hits
   mlh: # latency histogram for memory requests
    0: 0
    1: 0
    2: 0
    3: 0
    4: 0
    5: 0
    6: 0
    7: 0
    8: 0
    9: 0
    10: 0
    11: 240
    12: 522
    13: 1703290
    14: 138132
    15: 48735
    16: 12936
    17: 2162
    18: 881
    19: 903
    20: 1218
    21: 1312
    22: 854
    23: 1247
    24: 3200
    25: 2100
    26: 523
    27: 610
    28: 633
    29: 757
    30: 1085
    31: 1369
    32: 1155
    33: 1105
    34: 1155
    35: 1329
    36: 1314
    37: 1230
    38: 1126
    39: 1170
    40: 1054
    41: 1097
    42: 1070
    43: 494
    44: 252
    45: 165
    46: 120
    47: 226
    48: 146
    49: 44
    50: 16
    51: 14
    52: 8
    53: 3
    54: 11
    55: 2
    56: 0
    57: 1
    58: 0
    59: 0
    60: 0
    61: 0
    62: 0
    63: 0
    64: 0
    65: 0
    66: 0
    67: 0
    68: 0
    69: 0
    70: 0
    71: 0
    72: 0
    73: 0
    74: 0
    75: 0
    76: 0
    77: 0
    78: 0
    79: 0
    80: 0
    81: 0
    82: 0
    83: 0
    84: 0
    85: 0
    86: 0
    87: 0
    88: 0
    89: 0
    90: 0
    91: 0
    92: 0
    93: 0
    94: 0
    95: 0
    96: 0
    97: 0
    98: 0
    99: 0
  mem-3: # Memory controller stats
   rd: 1914278 # Read requests
   wr: 617967 # Write requests
   rdlat: 260636513 # Total latency experienced by read requests
   wrlat: 89767163 # Total latency experienced by write requests
   rdhits: 1866 # Read row hits
   wrhits: 1937 # Write row hits
   mlh: # latency histogram for memory requests
    0: 0
    1: 0
    2: 0
    3: 0
    4: 0
    5: 0
    6: 0
    7: 0
    8: 0
    9: 0
    10: 0
    11: 251
    12: 358
    13: 1687643
    14: 131582
    15: 47632
    16: 14492
    17: 2190
    18: 883
    19: 905
    20: 1250
    21: 1211
    22: 933
    23: 1238
    24: 3159
    25: 1732
    26: 494
    27: 627
    28: 630
    29: 754
    30: 1006
    31: 1297
    32: 1066
    33: 1138
    34: 1200
    35: 1314
    36: 1255
    37: 1221
    38: 1056
    39: 1078
    40: 1010
    41: 1035
    42: 1070
    43: 546
    44: 241
    45: 192
    46: 130
    47: 229
    48: 138
    49: 39
    50: 14
    51: 13
    52: 10
    53: 9
    54: 5
    55: 0
    56: 0
    57: 0
    58: 1
    59: 1
    60: 0
    61: 0
    62: 0
    63: 0
    64: 0
    65: 0
    66: 0
    67: 0
    68: 0
    69: 0
    70: 0
    71: 0
    72: 0
    73: 0
    74: 0
    75: 0
    76: 0
    77: 0
    78: 0
    79: 0
    80: 0
    81: 0
    82: 0
    83: 0
    84: 0
    85: 0
    86: 0
    87: 0
    88: 0
    89: 0
    90: 0
    91: 0
    92: 0
    93: 0
    94: 0
    95: 0
    96: 0
    97: 0
    98: 0
    99: 0
 sched: # Scheduler stats
  thCr: 1 # Threads created
  thFn: 1 # Threads finished
  schedEvs: 1 # Schedule events
  waitEvs: 0 # Wait events
  handoffEvs: 0 # Handoff events
  sleepEvs: 0 # Sleep events
  idlePhases: 0 # Phases with no thread active
  idlePeriods: 0 # Periods with no thread active
  occHist: # Occupancy histogram
   0: 0
   1: 63061
  rqSzHist: # Run queue size histogram
   0: 63061
   1: 0
   2: 0
   3: 0
   4: 0
   5: 0
   6: 0
   7: 0
   8: 0
   9: 0
   10: 0
   11: 0
   12: 0
   13: 0
   14: 0
   15: 0
   16: 0
 procCycles: # Per-process unhalted core cycles
  0: 630612815
  1: 0
  2: 0
  3: 0
  4: 0
  5: 0
  6: 0
  7: 0
  8: 0
  9: 0
  10: 0
  11: 0
  12: 0
  13: 0
  14: 0
  15: 0
  16: 0
  17: 0
  18: 0
  19: 0
  20: 0
  21: 0
  22: 0
  23: 0
  24: 0
  25: 0
  26: 0
  27: 0
  28: 0
  29: 0
  30: 0
  31: 0
  32: 0
  33: 0
  34: 0
  35: 0
  36: 0
  37: 0
  38: 0
  39: 0
  40: 0
  41: 0
  42: 0
  43: 0
  44: 0
  45: 0
  46: 0
  47: 0
  48: 0
  49: 0
  50: 0
  51: 0
  52: 0
  53: 0
  54: 0
  55: 0
  56: 0
  57: 0
  58: 0
  59: 0
  60: 0
  61: 0
  62: 0
  63: 0
 procInstrs: # Per-process instructions
  0: 100000476
  1: 0
  2: 0
  3: 0
  4: 0
  5: 0
  6: 0
  7: 0
  8: 0
  9: 0
  10: 0
  11: 0
  12: 0
  13: 0
  14: 0
  15: 0
  16: 0
  17: 0
  18: 0
  19: 0
  20: 0
  21: 0
  22: 0
  23: 0
  24: 0
  25: 0
  26: 0
  27: 0
  28: 0
  29: 0
  30: 0
  31: 0
  32: 0
  33: 0
  34: 0
  35: 0
  36: 0
  37: 0
  38: 0
  39: 0
  40: 0
  41: 0
  42: 0
  43: 0
  44: 0
  45: 0
  46: 0
  47: 0
  48: 0
  49: 0
  50: 0
  51: 0
  52: 0
  53: 0
  54: 0
  55: 0
  56: 0
  57: 0
  58: 0
  59: 0
  60: 0
  61: 0
  62: 0
  63: 0
 heartbeats: # Per-process heartbeats
  0: 0
  1: 0
  2: 0
  3: 0
  4: 0
  5: 0
  6: 0
  7: 0
  8: 0
  9: 0
  10: 0
  11: 0
  12: 0
  13: 0
  14: 0
  15: 0
  16: 0
  17: 0
  18: 0
  19: 0
  20: 0
  21: 0
  22: 0
  23: 0
  24: 0
  25: 0
  26: 0
  27: 0
  28: 0
  29: 0
  30: 0
  31: 0
  32: 0
  33: 0
  34: 0
  35: 0
  36: 0
  37: 0
  38: 0
  39: 0
  40: 0
  41: 0
  42: 0
  43: 0
  44: 0
  45: 0
  46: 0
  47: 0
  48: 0
  49: 0
  50: 0
  51: 0
  52: 0
  53: 0
  54: 0
  55: 0
  56: 0
  57: 0
  58: 0
  59: 0
  60: 0
  61: 0
  62: 0
  63: 0
===
