# zsim stats
===
root: # Stats
 contention: # Contention simulation stats
  domain-0: # Domain stats
   time: 566671665 # Weave simulation time
 time: # Simulator time breakdown
  init: 9330032712158
  bound: 11724053302
  weave: 741631107
  ff: 0
 trigger: 20000 # Reason for this stats dump
 phase: 8289 # Simulated phases
 westmere: # Core stats
  westmere-0: # Core stats
   cycles: 82890872 # Simulated unhalted cycles
   cCycles: 9185687 # Cycles due to contention stalls
   instrs: 100004524 # Simulated instructions
   uops: 132219399 # Retired micro-ops
   bbls: 1458008 # Basic blocks
   approxInstrs: 967596 # Instrs with approx uop decoding
   mispredBranches: 1055 # Mispredicted branches
   condBranches: 120268 # conditional branches
 l1i: # Cache stats
  l1i-0: # Filter cache stats
   fhGETS: 6773364 # Filtered GETS hits
   fhGETX: 0 # Filtered GETX hits
   hGETS: 4032633 # GETS hits
   hGETX: 0 # GETX hits
   mGETS: 1404 # GETS misses
   mGETXIM: 0 # GETX I->M misses
   mGETXSM: 0 # GETX S->M misses (upgrade misses)
   PUTS: 0 # Clean evictions (from lower level)
   PUTX: 0 # Dirty evictions (from lower level)
   INV: 1195 # Invalidates (from upper level)
   INVX: 0 # Downgrades (from upper level)
   FWD: 0 # Forwards (from upper level)
   latGETnl: 173106 # GET request latency on next level
   latGETnet: 0 # GET request latency on network to next level
 l1d: # Cache stats
  l1d-0: # Filter cache stats
   fhGETS: 37113919 # Filtered GETS hits
   fhGETX: 9788081 # Filtered GETX hits
   hGETS: 5086197 # GETS hits
   hGETX: 1419694 # GETX hits
   mGETS: 621127 # GETS misses
   mGETXIM: 141094 # GETX I->M misses
   mGETXSM: 0 # GETX S->M misses (upgrade misses)
   PUTS: 0 # Clean evictions (from lower level)
   PUTX: 0 # Dirty evictions (from lower level)
   INV: 80168 # Invalidates (from upper level)
   INVX: 0 # Downgrades (from upper level)
   FWD: 0 # Forwards (from upper level)
   latGETnl: 59745956 # GET request latency on next level
   latGETnet: 0 # GET request latency on network to next level
 l2: # Cache stats
  l2-0: # Cache stats
   hGETS: 240742 # GETS hits
   hGETX: 5 # GETX hits
   mGETS: 381789 # GETS misses
   mGETXIM: 141089 # GETX I->M misses
   mGETXSM: 0 # GETX S->M misses (upgrade misses)
   PUTS: 555925 # Clean evictions (from lower level)
   PUTX: 125618 # Dirty evictions (from lower level)
   INV: 165521 # Invalidates (from upper level)
   INVX: 0 # Downgrades (from upper level)
   FWD: 0 # Forwards (from upper level)
   latGETnl: 52282812 # GET request latency on next level
   latGETnet: 0 # GET request latency on network to next level
 l3: # Cache stats
  l3-0: # Cache stats
   hGETS: 62895 # GETS hits
   hGETX: 18497 # GETX hits
   mGETS: 318894 # GETS misses
   mGETXIM: 122592 # GETX I->M misses
   mGETXSM: 0 # GETX S->M misses (upgrade misses)
   PUTS: 255230 # Clean evictions (from lower level)
   PUTX: 98199 # Dirty evictions (from lower level)
   INV: 0 # Invalidates (from upper level)
   INVX: 0 # Downgrades (from upper level)
   FWD: 0 # Forwards (from upper level)
   latGETnl: 39733740 # GET request latency on next level
   latGETnet: 0 # GET request latency on network to next level
 mem: # Memory controller stats
  mem-0: # Memory controller stats
   rd: 110411 # Read requests
   wr: 31150 # Write requests
   rdlat: 16235204 # Total latency experienced by read requests
   wrlat: 5069072 # Total latency experienced by write requests
   rdhits: 27 # Read row hits
   wrhits: 73 # Write row hits
   mlh: # latency histogram for memory requests
    0: 0
    1: 0
    2: 0
    3: 0
    4: 0
    5: 0
    6: 0
    7: 0
    8: 0
    9: 0
    10: 0
    11: 0
    12: 3
    13: 73286
    14: 14558
    15: 5802
    16: 1494
    17: 5060
    18: 1975
    19: 1534
    20: 491
    21: 344
    22: 847
    23: 110
    24: 514
    25: 2590
    26: 580
    27: 73
    28: 67
    29: 55
    30: 55
    31: 53
    32: 51
    33: 49
    34: 67
    35: 75
    36: 59
    37: 51
    38: 62
    39: 60
    40: 76
    41: 70
    42: 60
    43: 40
    44: 29
    45: 15
    46: 13
    47: 31
    48: 24
    49: 20
    50: 11
    51: 7
    52: 5
    53: 5
    54: 4
    55: 13
    56: 7
    57: 6
    58: 5
    59: 5
    60: 0
    61: 0
    62: 0
    63: 0
    64: 0
    65: 0
    66: 0
    67: 0
    68: 0
    69: 0
    70: 0
    71: 0
    72: 0
    73: 0
    74: 0
    75: 0
    76: 0
    77: 0
    78: 0
    79: 0
    80: 0
    81: 0
    82: 0
    83: 0
    84: 0
    85: 0
    86: 0
    87: 0
    88: 0
    89: 0
    90: 0
    91: 0
    92: 0
    93: 0
    94: 0
    95: 0
    96: 0
    97: 0
    98: 0
    99: 0
  mem-1: # Memory controller stats
   rd: 110602 # Read requests
   wr: 31042 # Write requests
   rdlat: 16251848 # Total latency experienced by read requests
   wrlat: 5037179 # Total latency experienced by write requests
   rdhits: 35 # Read row hits
   wrhits: 64 # Write row hits
   mlh: # latency histogram for memory requests
    0: 0
    1: 0
    2: 0
    3: 0
    4: 0
    5: 0
    6: 0
    7: 0
    8: 0
    9: 0
    10: 0
    11: 4
    12: 3
    13: 73545
    14: 14524
    15: 5674
    16: 1428
    17: 5081
    18: 2035
    19: 1594
    20: 502
    21: 397
    22: 886
    23: 112
    24: 457
    25: 2659
    26: 599
    27: 46
    28: 51
    29: 40
    30: 51
    31: 51
    32: 49
    33: 43
    34: 33
    35: 47
    36: 67
    37: 51
    38: 73
    39: 70
    40: 60
    41: 65
    42: 64
    43: 65
    44: 24
    45: 14
    46: 18
    47: 21
    48: 32
    49: 15
    50: 8
    51: 8
    52: 5
    53: 7
    54: 4
    55: 8
    56: 5
    57: 2
    58: 2
    59: 2
    60: 1
    61: 0
    62: 0
    63: 0
    64: 0
    65: 0
    66: 0
    67: 0
    68: 0
    69: 0
    70: 0
    71: 0
    72: 0
    73: 0
    74: 0
    75: 0
    76: 0
    77: 0
    78: 0
    79: 0
    80: 0
    81: 0
    82: 0
    83: 0
    84: 0
    85: 0
    86: 0
    87: 0
    88: 0
    89: 0
    90: 0
    91: 0
    92: 0
    93: 0
    94: 0
    95: 0
    96: 0
    97: 0
    98: 0
    99: 0
  mem-2: # Memory controller stats
   rd: 110435 # Read requests
   wr: 31138 # Write requests
   rdlat: 16233483 # Total latency experienced by read requests
   wrlat: 5075668 # Total latency experienced by write requests
   rdhits: 62 # Read row hits
   wrhits: 80 # Write row hits
   mlh: # latency histogram for memory requests
    0: 0
    1: 0
    2: 0
    3: 0
    4: 0
    5: 0
    6: 0
    7: 0
    8: 0
    9: 0
    10: 0
    11: 1
    12: 3
    13: 73348
    14: 14570
    15: 5767
    16: 1541
    17: 4982
    18: 1939
    19: 1573
    20: 456
    21: 364
    22: 846
    23: 169
    24: 479
    25: 2656
    26: 596
    27: 53
    28: 63
    29: 48
    30: 63
    31: 42
    32: 59
    33: 44
    34: 45
    35: 77
    36: 58
    37: 47
    38: 67
    39: 47
    40: 64
    41: 57
    42: 54
    43: 42
    44: 20
    45: 20
    46: 13
    47: 37
    48: 34
    49: 18
    50: 11
    51: 11
    52: 9
    53: 2
    54: 7
    55: 11
    56: 4
    57: 4
    58: 7
    59: 6
    60: 1
    61: 0
    62: 0
    63: 0
    64: 0
    65: 0
    66: 0
    67: 0
    68: 0
    69: 0
    70: 0
    71: 0
    72: 0
    73: 0
    74: 0
    75: 0
    76: 0
    77: 0
    78: 0
    79: 0
    80: 0
    81: 0
    82: 0
    83: 0
    84: 0
    85: 0
    86: 0
    87: 0
    88: 0
    89: 0
    90: 0
    91: 0
    92: 0
    93: 0
    94: 0
    95: 0
    96: 0
    97: 0
    98: 0
    99: 0
  mem-3: # Memory controller stats
   rd: 110036 # Read requests
   wr: 31036 # Write requests
   rdlat: 16176821 # Total latency experienced by read requests
   wrlat: 5045558 # Total latency experienced by write requests
   rdhits: 69 # Read row hits
   wrhits: 45 # Write row hits
   mlh: # latency histogram for memory requests
    0: 0
    1: 0
    2: 0
    3: 0
    4: 0
    5: 0
    6: 0
    7: 0
    8: 0
    9: 0
    10: 0
    11: 1
    12: 5
    13: 72958
    14: 14534
    15: 5851
    16: 1415
    17: 4976
    18: 2023
    19: 1544
    20: 486
    21: 391
    22: 829
    23: 186
    24: 516
    25: 2677
    26: 543
    27: 47
    28: 59
    29: 52
    30: 60
    31: 35
    32: 42
    33: 51
    34: 43
    35: 55
    36: 52
    37: 54
    38: 58
    39: 52
    40: 58
    41: 53
    42: 63
    43: 51
    44: 25
    45: 20
    46: 15
    47: 33
    48: 37
    49: 21
    50: 7
    51: 10
    52: 8
    53: 4
    54: 8
    55: 9
    56: 6
    57: 4
    58: 6
    59: 3
    60: 0
    61: 0
    62: 0
    63: 0
    64: 0
    65: 0
    66: 0
    67: 0
    68: 0
    69: 0
    70: 0
    71: 0
    72: 0
    73: 0
    74: 0
    75: 0
    76: 0
    77: 0
    78: 0
    79: 0
    80: 0
    81: 0
    82: 0
    83: 0
    84: 0
    85: 0
    86: 0
    87: 0
    88: 0
    89: 0
    90: 0
    91: 0
    92: 0
    93: 0
    94: 0
    95: 0
    96: 0
    97: 0
    98: 0
    99: 0
 sched: # Scheduler stats
  thCr: 1 # Threads created
  thFn: 1 # Threads finished
  schedEvs: 1 # Schedule events
  waitEvs: 0 # Wait events
  handoffEvs: 0 # Handoff events
  sleepEvs: 0 # Sleep events
  idlePhases: 0 # Phases with no thread active
  idlePeriods: 0 # Periods with no thread active
  occHist: # Occupancy histogram
   0: 0
   1: 8289
  rqSzHist: # Run queue size histogram
   0: 8289
   1: 0
   2: 0
   3: 0
   4: 0
   5: 0
   6: 0
   7: 0
   8: 0
   9: 0
   10: 0
   11: 0
   12: 0
   13: 0
   14: 0
   15: 0
   16: 0
 procCycles: # Per-process unhalted core cycles
  0: 82890872
  1: 0
  2: 0
  3: 0
  4: 0
  5: 0
  6: 0
  7: 0
  8: 0
  9: 0
  10: 0
  11: 0
  12: 0
  13: 0
  14: 0
  15: 0
  16: 0
  17: 0
  18: 0
  19: 0
  20: 0
  21: 0
  22: 0
  23: 0
  24: 0
  25: 0
  26: 0
  27: 0
  28: 0
  29: 0
  30: 0
  31: 0
  32: 0
  33: 0
  34: 0
  35: 0
  36: 0
  37: 0
  38: 0
  39: 0
  40: 0
  41: 0
  42: 0
  43: 0
  44: 0
  45: 0
  46: 0
  47: 0
  48: 0
  49: 0
  50: 0
  51: 0
  52: 0
  53: 0
  54: 0
  55: 0
  56: 0
  57: 0
  58: 0
  59: 0
  60: 0
  61: 0
  62: 0
  63: 0
 procInstrs: # Per-process instructions
  0: 100004524
  1: 0
  2: 0
  3: 0
  4: 0
  5: 0
  6: 0
  7: 0
  8: 0
  9: 0
  10: 0
  11: 0
  12: 0
  13: 0
  14: 0
  15: 0
  16: 0
  17: 0
  18: 0
  19: 0
  20: 0
  21: 0
  22: 0
  23: 0
  24: 0
  25: 0
  26: 0
  27: 0
  28: 0
  29: 0
  30: 0
  31: 0
  32: 0
  33: 0
  34: 0
  35: 0
  36: 0
  37: 0
  38: 0
  39: 0
  40: 0
  41: 0
  42: 0
  43: 0
  44: 0
  45: 0
  46: 0
  47: 0
  48: 0
  49: 0
  50: 0
  51: 0
  52: 0
  53: 0
  54: 0
  55: 0
  56: 0
  57: 0
  58: 0
  59: 0
  60: 0
  61: 0
  62: 0
  63: 0
 heartbeats: # Per-process heartbeats
  0: 0
  1: 0
  2: 0
  3: 0
  4: 0
  5: 0
  6: 0
  7: 0
  8: 0
  9: 0
  10: 0
  11: 0
  12: 0
  13: 0
  14: 0
  15: 0
  16: 0
  17: 0
  18: 0
  19: 0
  20: 0
  21: 0
  22: 0
  23: 0
  24: 0
  25: 0
  26: 0
  27: 0
  28: 0
  29: 0
  30: 0
  31: 0
  32: 0
  33: 0
  34: 0
  35: 0
  36: 0
  37: 0
  38: 0
  39: 0
  40: 0
  41: 0
  42: 0
  43: 0
  44: 0
  45: 0
  46: 0
  47: 0
  48: 0
  49: 0
  50: 0
  51: 0
  52: 0
  53: 0
  54: 0
  55: 0
  56: 0
  57: 0
  58: 0
  59: 0
  60: 0
  61: 0
  62: 0
  63: 0
===
