# zsim stats
===
root: # Stats
 contention: # Contention simulation stats
  domain-0: # Domain stats
   time: 377887363 # Weave simulation time
 time: # Simulator time breakdown
  init: 6498756458483
  bound: 28176549729
  weave: 3991037905
  ff: 0
 trigger: 20000 # Reason for this stats dump
 phase: 6585 # Simulated phases
 westmere: # Core stats
  westmere-0: # Core stats
   cycles: 65850657 # Simulated unhalted cycles
   cCycles: 3456191 # Cycles due to contention stalls
   instrs: 100006856 # Simulated instructions
   uops: 118249567 # Retired micro-ops
   bbls: 29405343 # Basic blocks
   approxInstrs: 317075 # Instrs with approx uop decoding
   mispredBranches: 252313 # Mispredicted branches
   condBranches: 21557831 # conditional branches
 l1i: # Cache stats
  l1i-0: # Filter cache stats
   fhGETS: 27299051 # Filtered GETS hits
   fhGETX: 0 # Filtered GETX hits
   hGETS: 3014549 # GETS hits
   hGETX: 0 # GETX hits
   mGETS: 427368 # GETS misses
   mGETXIM: 0 # GETX I->M misses
   mGETXSM: 0 # GETX S->M misses (upgrade misses)
   PUTS: 0 # Clean evictions (from lower level)
   PUTX: 0 # Dirty evictions (from lower level)
   INV: 1089 # Invalidates (from upper level)
   INVX: 0 # Downgrades (from upper level)
   FWD: 0 # Forwards (from upper level)
   latGETnl: 5388342 # GET request latency on next level
   latGETnet: 0 # GET request latency on network to next level
 l1d: # Cache stats
  l1d-0: # Filter cache stats
   fhGETS: 25768018 # Filtered GETS hits
   fhGETX: 9760573 # Filtered GETX hits
   hGETS: 4237893 # GETS hits
   hGETX: 1379031 # GETX hits
   mGETS: 1173339 # GETS misses
   mGETXIM: 208115 # GETX I->M misses
   mGETXSM: 0 # GETX S->M misses (upgrade misses)
   PUTS: 0 # Clean evictions (from lower level)
   PUTX: 0 # Dirty evictions (from lower level)
   INV: 25338 # Invalidates (from upper level)
   INVX: 0 # Downgrades (from upper level)
   FWD: 0 # Forwards (from upper level)
   latGETnl: 40501790 # GET request latency on next level
   latGETnet: 0 # GET request latency on network to next level
 l2: # Cache stats
  l2-0: # Cache stats
   hGETS: 1338641 # GETS hits
   hGETX: 24988 # GETX hits
   mGETS: 262066 # GETS misses
   mGETXIM: 183127 # GETX I->M misses
   mGETXSM: 0 # GETX S->M misses (upgrade misses)
   PUTS: 1450311 # Clean evictions (from lower level)
   PUTX: 331072 # Dirty evictions (from lower level)
   INV: 47930 # Invalidates (from upper level)
   INVX: 0 # Downgrades (from upper level)
   FWD: 0 # Forwards (from upper level)
   latGETnl: 27801912 # GET request latency on next level
   latGETnet: 0 # GET request latency on network to next level
 l3: # Cache stats
  l3-0: # Cache stats
   hGETS: 184652 # GETS hits
   hGETX: 70349 # GETX hits
   mGETS: 77414 # GETS misses
   mGETXIM: 112778 # GETX I->M misses
   mGETXSM: 0 # GETX S->M misses (upgrade misses)
   PUTS: 156750 # Clean evictions (from lower level)
   PUTX: 236514 # Dirty evictions (from lower level)
   INV: 0 # Invalidates (from upper level)
   INVX: 0 # Downgrades (from upper level)
   FWD: 0 # Forwards (from upper level)
   latGETnl: 17117280 # GET request latency on next level
   latGETnet: 0 # GET request latency on network to next level
 mem: # Memory controller stats
  mem-0: # Memory controller stats
   rd: 47468 # Read requests
   wr: 30450 # Write requests
   rdlat: 6422376 # Total latency experienced by read requests
   wrlat: 4706614 # Total latency experienced by write requests
   rdhits: 235 # Read row hits
   wrhits: 75 # Write row hits
   mlh: # latency histogram for memory requests
    0: 0
    1: 0
    2: 0
    3: 0
    4: 0
    5: 0
    6: 0
    7: 0
    8: 0
    9: 0
    10: 0
    11: 28
    12: 47
    13: 43949
    14: 1599
    15: 598
    16: 401
    17: 61
    18: 45
    19: 44
    20: 44
    21: 39
    22: 26
    23: 26
    24: 54
    25: 40
    26: 14
    27: 20
    28: 22
    29: 19
    30: 20
    31: 26
    32: 22
    33: 24
    34: 27
    35: 27
    36: 27
    37: 28
    38: 37
    39: 39
    40: 28
    41: 34
    42: 22
    43: 12
    44: 10
    45: 2
    46: 4
    47: 2
    48: 0
    49: 0
    50: 1
    51: 0
    52: 0
    53: 0
    54: 0
    55: 0
    56: 0
    57: 0
    58: 0
    59: 0
    60: 0
    61: 0
    62: 0
    63: 0
    64: 0
    65: 0
    66: 0
    67: 0
    68: 0
    69: 0
    70: 0
    71: 0
    72: 0
    73: 0
    74: 0
    75: 0
    76: 0
    77: 0
    78: 0
    79: 0
    80: 0
    81: 0
    82: 0
    83: 0
    84: 0
    85: 0
    86: 0
    87: 0
    88: 0
    89: 0
    90: 0
    91: 0
    92: 0
    93: 0
    94: 0
    95: 0
    96: 0
    97: 0
    98: 0
    99: 0
  mem-1: # Memory controller stats
   rd: 47774 # Read requests
   wr: 30660 # Write requests
   rdlat: 6469101 # Total latency experienced by read requests
   wrlat: 4753526 # Total latency experienced by write requests
   rdhits: 250 # Read row hits
   wrhits: 63 # Write row hits
   mlh: # latency histogram for memory requests
    0: 0
    1: 0
    2: 0
    3: 0
    4: 0
    5: 0
    6: 0
    7: 0
    8: 0
    9: 0
    10: 0
    11: 14
    12: 59
    13: 44142
    14: 1609
    15: 654
    16: 443
    17: 53
    18: 42
    19: 39
    20: 49
    21: 54
    22: 23
    23: 30
    24: 48
    25: 33
    26: 17
    27: 20
    28: 17
    29: 19
    30: 19
    31: 24
    32: 23
    33: 29
    34: 25
    35: 23
    36: 40
    37: 26
    38: 38
    39: 39
    40: 31
    41: 32
    42: 27
    43: 9
    44: 5
    45: 6
    46: 4
    47: 4
    48: 3
    49: 2
    50: 0
    51: 0
    52: 0
    53: 0
    54: 0
    55: 0
    56: 0
    57: 0
    58: 0
    59: 0
    60: 0
    61: 0
    62: 0
    63: 0
    64: 0
    65: 0
    66: 0
    67: 0
    68: 0
    69: 0
    70: 0
    71: 0
    72: 0
    73: 0
    74: 0
    75: 0
    76: 0
    77: 0
    78: 0
    79: 0
    80: 0
    81: 0
    82: 0
    83: 0
    84: 0
    85: 0
    86: 0
    87: 0
    88: 0
    89: 0
    90: 0
    91: 0
    92: 0
    93: 0
    94: 0
    95: 0
    96: 0
    97: 0
    98: 0
    99: 0
  mem-2: # Memory controller stats
   rd: 47315 # Read requests
   wr: 30350 # Write requests
   rdlat: 6410683 # Total latency experienced by read requests
   wrlat: 4686191 # Total latency experienced by write requests
   rdhits: 224 # Read row hits
   wrhits: 54 # Write row hits
   mlh: # latency histogram for memory requests
    0: 0
    1: 0
    2: 0
    3: 0
    4: 0
    5: 0
    6: 0
    7: 0
    8: 0
    9: 0
    10: 0
    11: 20
    12: 39
    13: 43760
    14: 1587
    15: 636
    16: 399
    17: 64
    18: 46
    19: 41
    20: 44
    21: 37
    22: 33
    23: 34
    24: 47
    25: 36
    26: 13
    27: 19
    28: 15
    29: 23
    30: 22
    31: 24
    32: 29
    33: 31
    34: 19
    35: 31
    36: 31
    37: 34
    38: 33
    39: 37
    40: 34
    41: 29
    42: 26
    43: 16
    44: 5
    45: 6
    46: 5
    47: 5
    48: 4
    49: 0
    50: 0
    51: 0
    52: 1
    53: 0
    54: 0
    55: 0
    56: 0
    57: 0
    58: 0
    59: 0
    60: 0
    61: 0
    62: 0
    63: 0
    64: 0
    65: 0
    66: 0
    67: 0
    68: 0
    69: 0
    70: 0
    71: 0
    72: 0
    73: 0
    74: 0
    75: 0
    76: 0
    77: 0
    78: 0
    79: 0
    80: 0
    81: 0
    82: 0
    83: 0
    84: 0
    85: 0
    86: 0
    87: 0
    88: 0
    89: 0
    90: 0
    91: 0
    92: 0
    93: 0
    94: 0
    95: 0
    96: 0
    97: 0
    98: 0
    99: 0
  mem-3: # Memory controller stats
   rd: 47635 # Read requests
   wr: 30592 # Write requests
   rdlat: 6452739 # Total latency experienced by read requests
   wrlat: 4722835 # Total latency experienced by write requests
   rdhits: 215 # Read row hits
   wrhits: 48 # Write row hits
   mlh: # latency histogram for memory requests
    0: 0
    1: 0
    2: 0
    3: 0
    4: 0
    5: 0
    6: 0
    7: 0
    8: 0
    9: 0
    10: 0
    11: 20
    12: 36
    13: 43983
    14: 1717
    15: 619
    16: 417
    17: 59
    18: 35
    19: 35
    20: 35
    21: 37
    22: 20
    23: 28
    24: 53
    25: 30
    26: 20
    27: 26
    28: 17
    29: 17
    30: 25
    31: 24
    32: 32
    33: 27
    34: 34
    35: 28
    36: 41
    37: 27
    38: 29
    39: 40
    40: 34
    41: 23
    42: 26
    43: 14
    44: 5
    45: 9
    46: 5
    47: 4
    48: 1
    49: 0
    50: 1
    51: 0
    52: 0
    53: 1
    54: 0
    55: 0
    56: 0
    57: 0
    58: 0
    59: 0
    60: 0
    61: 0
    62: 1
    63: 0
    64: 0
    65: 0
    66: 0
    67: 0
    68: 0
    69: 0
    70: 0
    71: 0
    72: 0
    73: 0
    74: 0
    75: 0
    76: 0
    77: 0
    78: 0
    79: 0
    80: 0
    81: 0
    82: 0
    83: 0
    84: 0
    85: 0
    86: 0
    87: 0
    88: 0
    89: 0
    90: 0
    91: 0
    92: 0
    93: 0
    94: 0
    95: 0
    96: 0
    97: 0
    98: 0
    99: 0
 sched: # Scheduler stats
  thCr: 1 # Threads created
  thFn: 1 # Threads finished
  schedEvs: 1 # Schedule events
  waitEvs: 0 # Wait events
  handoffEvs: 0 # Handoff events
  sleepEvs: 0 # Sleep events
  idlePhases: 0 # Phases with no thread active
  idlePeriods: 0 # Periods with no thread active
  occHist: # Occupancy histogram
   0: 0
   1: 6585
  rqSzHist: # Run queue size histogram
   0: 6585
   1: 0
   2: 0
   3: 0
   4: 0
   5: 0
   6: 0
   7: 0
   8: 0
   9: 0
   10: 0
   11: 0
   12: 0
   13: 0
   14: 0
   15: 0
   16: 0
 procCycles: # Per-process unhalted core cycles
  0: 65850657
  1: 0
  2: 0
  3: 0
  4: 0
  5: 0
  6: 0
  7: 0
  8: 0
  9: 0
  10: 0
  11: 0
  12: 0
  13: 0
  14: 0
  15: 0
  16: 0
  17: 0
  18: 0
  19: 0
  20: 0
  21: 0
  22: 0
  23: 0
  24: 0
  25: 0
  26: 0
  27: 0
  28: 0
  29: 0
  30: 0
  31: 0
  32: 0
  33: 0
  34: 0
  35: 0
  36: 0
  37: 0
  38: 0
  39: 0
  40: 0
  41: 0
  42: 0
  43: 0
  44: 0
  45: 0
  46: 0
  47: 0
  48: 0
  49: 0
  50: 0
  51: 0
  52: 0
  53: 0
  54: 0
  55: 0
  56: 0
  57: 0
  58: 0
  59: 0
  60: 0
  61: 0
  62: 0
  63: 0
 procInstrs: # Per-process instructions
  0: 100006856
  1: 0
  2: 0
  3: 0
  4: 0
  5: 0
  6: 0
  7: 0
  8: 0
  9: 0
  10: 0
  11: 0
  12: 0
  13: 0
  14: 0
  15: 0
  16: 0
  17: 0
  18: 0
  19: 0
  20: 0
  21: 0
  22: 0
  23: 0
  24: 0
  25: 0
  26: 0
  27: 0
  28: 0
  29: 0
  30: 0
  31: 0
  32: 0
  33: 0
  34: 0
  35: 0
  36: 0
  37: 0
  38: 0
  39: 0
  40: 0
  41: 0
  42: 0
  43: 0
  44: 0
  45: 0
  46: 0
  47: 0
  48: 0
  49: 0
  50: 0
  51: 0
  52: 0
  53: 0
  54: 0
  55: 0
  56: 0
  57: 0
  58: 0
  59: 0
  60: 0
  61: 0
  62: 0
  63: 0
 heartbeats: # Per-process heartbeats
  0: 0
  1: 0
  2: 0
  3: 0
  4: 0
  5: 0
  6: 0
  7: 0
  8: 0
  9: 0
  10: 0
  11: 0
  12: 0
  13: 0
  14: 0
  15: 0
  16: 0
  17: 0
  18: 0
  19: 0
  20: 0
  21: 0
  22: 0
  23: 0
  24: 0
  25: 0
  26: 0
  27: 0
  28: 0
  29: 0
  30: 0
  31: 0
  32: 0
  33: 0
  34: 0
  35: 0
  36: 0
  37: 0
  38: 0
  39: 0
  40: 0
  41: 0
  42: 0
  43: 0
  44: 0
  45: 0
  46: 0
  47: 0
  48: 0
  49: 0
  50: 0
  51: 0
  52: 0
  53: 0
  54: 0
  55: 0
  56: 0
  57: 0
  58: 0
  59: 0
  60: 0
  61: 0
  62: 0
  63: 0
===
