# zsim stats
===
root: # Stats
 contention: # Contention simulation stats
  domain-0: # Domain stats
   time: 306791815 # Weave simulation time
 time: # Simulator time breakdown
  init: 4069781841039
  bound: 13114432902
  weave: 434903866
  ff: 0
 trigger: 20000 # Reason for this stats dump
 phase: 6582 # Simulated phases
 westmere: # Core stats
  westmere-0: # Core stats
   cycles: 65820796 # Simulated unhalted cycles
   cCycles: 3442118 # Cycles due to contention stalls
   instrs: 100013095 # Simulated instructions
   uops: 118257781 # Retired micro-ops
   bbls: 29406747 # Basic blocks
   approxInstrs: 317088 # Instrs with approx uop decoding
   mispredBranches: 252338 # Mispredicted branches
   condBranches: 21558495 # conditional branches
 l1i: # Cache stats
  l1i-0: # Filter cache stats
   fhGETS: 27300206 # Filtered GETS hits
   fhGETX: 0 # Filtered GETX hits
   hGETS: 3014880 # GETS hits
   hGETX: 0 # GETX hits
   mGETS: 427420 # GETS misses
   mGETXIM: 0 # GETX I->M misses
   mGETXSM: 0 # GETX S->M misses (upgrade misses)
   PUTS: 0 # Clean evictions (from lower level)
   PUTX: 0 # Dirty evictions (from lower level)
   INV: 1059 # Invalidates (from upper level)
   INVX: 0 # Downgrades (from upper level)
   FWD: 0 # Forwards (from upper level)
   latGETnl: 5380240 # GET request latency on next level
   latGETnet: 0 # GET request latency on network to next level
 l1d: # Cache stats
  l1d-0: # Filter cache stats
   fhGETS: 25769576 # Filtered GETS hits
   fhGETX: 9761609 # Filtered GETX hits
   hGETS: 4238379 # GETS hits
   hGETX: 1379165 # GETX hits
   mGETS: 1173237 # GETS misses
   mGETXIM: 208147 # GETX I->M misses
   mGETXSM: 0 # GETX S->M misses (upgrade misses)
   PUTS: 0 # Clean evictions (from lower level)
   PUTX: 0 # Dirty evictions (from lower level)
   INV: 25480 # Invalidates (from upper level)
   INVX: 0 # Downgrades (from upper level)
   FWD: 0 # Forwards (from upper level)
   latGETnl: 40507324 # GET request latency on next level
   latGETnet: 0 # GET request latency on network to next level
 l2: # Cache stats
  l2-0: # Cache stats
   hGETS: 1338438 # GETS hits
   hGETX: 24995 # GETX hits
   mGETS: 262219 # GETS misses
   mGETXIM: 183152 # GETX I->M misses
   mGETXSM: 0 # GETX S->M misses (upgrade misses)
   PUTS: 1450212 # Clean evictions (from lower level)
   PUTX: 331053 # Dirty evictions (from lower level)
   INV: 47929 # Invalidates (from upper level)
   INVX: 0 # Downgrades (from upper level)
   FWD: 0 # Forwards (from upper level)
   latGETnl: 27799524 # GET request latency on next level
   latGETnet: 0 # GET request latency on network to next level
 l3: # Cache stats
  l3-0: # Cache stats
   hGETS: 184949 # GETS hits
   hGETX: 70304 # GETX hits
   mGETS: 77270 # GETS misses
   mGETXIM: 112848 # GETX I->M misses
   mGETXSM: 0 # GETX S->M misses (upgrade misses)
   PUTS: 156954 # Clean evictions (from lower level)
   PUTX: 236502 # Dirty evictions (from lower level)
   INV: 0 # Invalidates (from upper level)
   INVX: 0 # Downgrades (from upper level)
   FWD: 0 # Forwards (from upper level)
   latGETnl: 17110620 # GET request latency on next level
   latGETnet: 0 # GET request latency on network to next level
 mem: # Memory controller stats
  mem-0: # Memory controller stats
   rd: 47412 # Read requests
   wr: 30361 # Write requests
   rdlat: 6413009 # Total latency experienced by read requests
   wrlat: 4691304 # Total latency experienced by write requests
   rdhits: 226 # Read row hits
   wrhits: 68 # Write row hits
   mlh: # latency histogram for memory requests
    0: 0
    1: 0
    2: 0
    3: 0
    4: 0
    5: 0
    6: 0
    7: 0
    8: 0
    9: 0
    10: 0
    11: 28
    12: 52
    13: 43940
    14: 1560
    15: 597
    16: 399
    17: 54
    18: 43
    19: 38
    20: 41
    21: 47
    22: 24
    23: 30
    24: 52
    25: 35
    26: 18
    27: 23
    28: 25
    29: 18
    30: 22
    31: 29
    32: 22
    33: 27
    34: 34
    35: 27
    36: 31
    37: 26
    38: 32
    39: 27
    40: 30
    41: 20
    42: 28
    43: 15
    44: 3
    45: 6
    46: 3
    47: 2
    48: 2
    49: 0
    50: 1
    51: 0
    52: 1
    53: 0
    54: 0
    55: 0
    56: 0
    57: 0
    58: 0
    59: 0
    60: 0
    61: 0
    62: 0
    63: 0
    64: 0
    65: 0
    66: 0
    67: 0
    68: 0
    69: 0
    70: 0
    71: 0
    72: 0
    73: 0
    74: 0
    75: 0
    76: 0
    77: 0
    78: 0
    79: 0
    80: 0
    81: 0
    82: 0
    83: 0
    84: 0
    85: 0
    86: 0
    87: 0
    88: 0
    89: 0
    90: 0
    91: 0
    92: 0
    93: 0
    94: 0
    95: 0
    96: 0
    97: 0
    98: 0
    99: 0
  mem-1: # Memory controller stats
   rd: 47747 # Read requests
   wr: 30629 # Write requests
   rdlat: 6450708 # Total latency experienced by read requests
   wrlat: 4736535 # Total latency experienced by write requests
   rdhits: 247 # Read row hits
   wrhits: 58 # Write row hits
   mlh: # latency histogram for memory requests
    0: 0
    1: 0
    2: 0
    3: 0
    4: 0
    5: 0
    6: 0
    7: 0
    8: 0
    9: 0
    10: 0
    11: 22
    12: 52
    13: 44260
    14: 1608
    15: 583
    16: 426
    17: 59
    18: 30
    19: 28
    20: 50
    21: 48
    22: 38
    23: 29
    24: 42
    25: 27
    26: 20
    27: 18
    28: 16
    29: 17
    30: 22
    31: 19
    32: 24
    33: 34
    34: 26
    35: 35
    36: 34
    37: 25
    38: 39
    39: 26
    40: 19
    41: 20
    42: 24
    43: 12
    44: 5
    45: 4
    46: 2
    47: 0
    48: 2
    49: 1
    50: 0
    51: 1
    52: 0
    53: 0
    54: 0
    55: 0
    56: 0
    57: 0
    58: 0
    59: 0
    60: 0
    61: 0
    62: 0
    63: 0
    64: 0
    65: 0
    66: 0
    67: 0
    68: 0
    69: 0
    70: 0
    71: 0
    72: 0
    73: 0
    74: 0
    75: 0
    76: 0
    77: 0
    78: 0
    79: 0
    80: 0
    81: 0
    82: 0
    83: 0
    84: 0
    85: 0
    86: 0
    87: 0
    88: 0
    89: 0
    90: 0
    91: 0
    92: 0
    93: 0
    94: 0
    95: 0
    96: 0
    97: 0
    98: 0
    99: 0
  mem-2: # Memory controller stats
   rd: 47343 # Read requests
   wr: 30429 # Write requests
   rdlat: 6399347 # Total latency experienced by read requests
   wrlat: 4684936 # Total latency experienced by write requests
   rdhits: 225 # Read row hits
   wrhits: 51 # Write row hits
   mlh: # latency histogram for memory requests
    0: 0
    1: 0
    2: 0
    3: 0
    4: 0
    5: 0
    6: 0
    7: 0
    8: 0
    9: 0
    10: 0
    11: 20
    12: 41
    13: 43895
    14: 1585
    15: 597
    16: 396
    17: 68
    18: 36
    19: 31
    20: 41
    21: 47
    22: 32
    23: 32
    24: 53
    25: 28
    26: 11
    27: 15
    28: 19
    29: 24
    30: 16
    31: 21
    32: 30
    33: 27
    34: 38
    35: 26
    36: 25
    37: 27
    38: 30
    39: 29
    40: 24
    41: 16
    42: 19
    43: 13
    44: 7
    45: 8
    46: 4
    47: 5
    48: 5
    49: 1
    50: 1
    51: 0
    52: 0
    53: 0
    54: 0
    55: 0
    56: 0
    57: 0
    58: 0
    59: 0
    60: 0
    61: 0
    62: 0
    63: 0
    64: 0
    65: 0
    66: 0
    67: 0
    68: 0
    69: 0
    70: 0
    71: 0
    72: 0
    73: 0
    74: 0
    75: 0
    76: 0
    77: 0
    78: 0
    79: 0
    80: 0
    81: 0
    82: 0
    83: 0
    84: 0
    85: 0
    86: 0
    87: 0
    88: 0
    89: 0
    90: 0
    91: 0
    92: 0
    93: 0
    94: 0
    95: 0
    96: 0
    97: 0
    98: 0
    99: 0
  mem-3: # Memory controller stats
   rd: 47615 # Read requests
   wr: 30588 # Write requests
   rdlat: 6440422 # Total latency experienced by read requests
   wrlat: 4717184 # Total latency experienced by write requests
   rdhits: 218 # Read row hits
   wrhits: 62 # Write row hits
   mlh: # latency histogram for memory requests
    0: 0
    1: 0
    2: 0
    3: 0
    4: 0
    5: 0
    6: 0
    7: 0
    8: 0
    9: 0
    10: 0
    11: 18
    12: 36
    13: 44016
    14: 1732
    15: 596
    16: 395
    17: 63
    18: 27
    19: 29
    20: 38
    21: 54
    22: 25
    23: 34
    24: 55
    25: 41
    26: 16
    27: 17
    28: 19
    29: 13
    30: 23
    31: 22
    32: 23
    33: 36
    34: 31
    35: 37
    36: 24
    37: 30
    38: 31
    39: 35
    40: 18
    41: 26
    42: 22
    43: 10
    44: 3
    45: 6
    46: 5
    47: 4
    48: 2
    49: 1
    50: 2
    51: 0
    52: 0
    53: 0
    54: 0
    55: 0
    56: 0
    57: 0
    58: 0
    59: 0
    60: 0
    61: 0
    62: 0
    63: 0
    64: 0
    65: 0
    66: 0
    67: 0
    68: 0
    69: 0
    70: 0
    71: 0
    72: 0
    73: 0
    74: 0
    75: 0
    76: 0
    77: 0
    78: 0
    79: 0
    80: 0
    81: 0
    82: 0
    83: 0
    84: 0
    85: 0
    86: 0
    87: 0
    88: 0
    89: 0
    90: 0
    91: 0
    92: 0
    93: 0
    94: 0
    95: 0
    96: 0
    97: 0
    98: 0
    99: 0
 sched: # Scheduler stats
  thCr: 1 # Threads created
  thFn: 1 # Threads finished
  schedEvs: 1 # Schedule events
  waitEvs: 0 # Wait events
  handoffEvs: 0 # Handoff events
  sleepEvs: 0 # Sleep events
  idlePhases: 0 # Phases with no thread active
  idlePeriods: 0 # Periods with no thread active
  occHist: # Occupancy histogram
   0: 0
   1: 6582
  rqSzHist: # Run queue size histogram
   0: 6582
   1: 0
   2: 0
   3: 0
   4: 0
   5: 0
   6: 0
   7: 0
   8: 0
   9: 0
   10: 0
   11: 0
   12: 0
   13: 0
   14: 0
   15: 0
   16: 0
 procCycles: # Per-process unhalted core cycles
  0: 65820796
  1: 0
  2: 0
  3: 0
  4: 0
  5: 0
  6: 0
  7: 0
  8: 0
  9: 0
  10: 0
  11: 0
  12: 0
  13: 0
  14: 0
  15: 0
  16: 0
  17: 0
  18: 0
  19: 0
  20: 0
  21: 0
  22: 0
  23: 0
  24: 0
  25: 0
  26: 0
  27: 0
  28: 0
  29: 0
  30: 0
  31: 0
  32: 0
  33: 0
  34: 0
  35: 0
  36: 0
  37: 0
  38: 0
  39: 0
  40: 0
  41: 0
  42: 0
  43: 0
  44: 0
  45: 0
  46: 0
  47: 0
  48: 0
  49: 0
  50: 0
  51: 0
  52: 0
  53: 0
  54: 0
  55: 0
  56: 0
  57: 0
  58: 0
  59: 0
  60: 0
  61: 0
  62: 0
  63: 0
 procInstrs: # Per-process instructions
  0: 100013095
  1: 0
  2: 0
  3: 0
  4: 0
  5: 0
  6: 0
  7: 0
  8: 0
  9: 0
  10: 0
  11: 0
  12: 0
  13: 0
  14: 0
  15: 0
  16: 0
  17: 0
  18: 0
  19: 0
  20: 0
  21: 0
  22: 0
  23: 0
  24: 0
  25: 0
  26: 0
  27: 0
  28: 0
  29: 0
  30: 0
  31: 0
  32: 0
  33: 0
  34: 0
  35: 0
  36: 0
  37: 0
  38: 0
  39: 0
  40: 0
  41: 0
  42: 0
  43: 0
  44: 0
  45: 0
  46: 0
  47: 0
  48: 0
  49: 0
  50: 0
  51: 0
  52: 0
  53: 0
  54: 0
  55: 0
  56: 0
  57: 0
  58: 0
  59: 0
  60: 0
  61: 0
  62: 0
  63: 0
 heartbeats: # Per-process heartbeats
  0: 0
  1: 0
  2: 0
  3: 0
  4: 0
  5: 0
  6: 0
  7: 0
  8: 0
  9: 0
  10: 0
  11: 0
  12: 0
  13: 0
  14: 0
  15: 0
  16: 0
  17: 0
  18: 0
  19: 0
  20: 0
  21: 0
  22: 0
  23: 0
  24: 0
  25: 0
  26: 0
  27: 0
  28: 0
  29: 0
  30: 0
  31: 0
  32: 0
  33: 0
  34: 0
  35: 0
  36: 0
  37: 0
  38: 0
  39: 0
  40: 0
  41: 0
  42: 0
  43: 0
  44: 0
  45: 0
  46: 0
  47: 0
  48: 0
  49: 0
  50: 0
  51: 0
  52: 0
  53: 0
  54: 0
  55: 0
  56: 0
  57: 0
  58: 0
  59: 0
  60: 0
  61: 0
  62: 0
  63: 0
===
