# zsim stats
===
root: # Stats
 contention: # Contention simulation stats
  domain-0: # Domain stats
   time: 419887809 # Weave simulation time
 time: # Simulator time breakdown
  init: 851275647673
  bound: 15629245152
  weave: 712886913
  ff: 0
 trigger: 20000 # Reason for this stats dump
 phase: 12368 # Simulated phases
 westmere: # Core stats
  westmere-0: # Core stats
   cycles: 123680002 # Simulated unhalted cycles
   cCycles: 8296121 # Cycles due to contention stalls
   instrs: 100005685 # Simulated instructions
   uops: 119427992 # Retired micro-ops
   bbls: 22517925 # Basic blocks
   approxInstrs: 237738 # Instrs with approx uop decoding
   mispredBranches: 1140068 # Mispredicted branches
   condBranches: 17121105 # conditional branches
 l1i: # Cache stats
  l1i-0: # Filter cache stats
   fhGETS: 25098992 # Filtered GETS hits
   fhGETX: 0 # Filtered GETX hits
   hGETS: 2027327 # GETS hits
   hGETX: 0 # GETX hits
   mGETS: 703519 # GETS misses
   mGETXIM: 0 # GETX I->M misses
   mGETXSM: 0 # GETX S->M misses (upgrade misses)
   PUTS: 0 # Clean evictions (from lower level)
   PUTX: 0 # Dirty evictions (from lower level)
   INV: 4571 # Invalidates (from upper level)
   INVX: 0 # Downgrades (from upper level)
   FWD: 0 # Forwards (from upper level)
   latGETnl: 9079282 # GET request latency on next level
   latGETnet: 0 # GET request latency on network to next level
 l1d: # Cache stats
  l1d-0: # Filter cache stats
   fhGETS: 23257026 # Filtered GETS hits
   fhGETX: 15420802 # Filtered GETX hits
   hGETS: 2038856 # GETS hits
   hGETX: 1007731 # GETX hits
   mGETS: 1503279 # GETS misses
   mGETXIM: 1549177 # GETX I->M misses
   mGETXSM: 0 # GETX S->M misses (upgrade misses)
   PUTS: 0 # Clean evictions (from lower level)
   PUTX: 0 # Dirty evictions (from lower level)
   INV: 2864 # Invalidates (from upper level)
   INVX: 0 # Downgrades (from upper level)
   FWD: 0 # Forwards (from upper level)
   latGETnl: 97372864 # GET request latency on next level
   latGETnet: 0 # GET request latency on network to next level
 l2: # Cache stats
  l2-0: # Cache stats
   hGETS: 1059523 # GETS hits
   hGETX: 950118 # GETX hits
   mGETS: 1147275 # GETS misses
   mGETXIM: 599059 # GETX I->M misses
   mGETXSM: 0 # GETX S->M misses (upgrade misses)
   PUTS: 1904975 # Clean evictions (from lower level)
   PUTX: 1842542 # Dirty evictions (from lower level)
   INV: 17481 # Invalidates (from upper level)
   INVX: 0 # Downgrades (from upper level)
   FWD: 0 # Forwards (from upper level)
   latGETnl: 68892396 # GET request latency on next level
   latGETnet: 0 # GET request latency on network to next level
 l3: # Cache stats
  l3-0: # Cache stats
   hGETS: 909146 # GETS hits
   hGETX: 537406 # GETX hits
   mGETS: 238129 # GETS misses
   mGETXIM: 61653 # GETX I->M misses
   mGETXSM: 0 # GETX S->M misses (upgrade misses)
   PUTS: 977157 # Clean evictions (from lower level)
   PUTX: 747600 # Dirty evictions (from lower level)
   INV: 0 # Invalidates (from upper level)
   INVX: 0 # Downgrades (from upper level)
   FWD: 0 # Forwards (from upper level)
   latGETnl: 26980380 # GET request latency on next level
   latGETnet: 0 # GET request latency on network to next level
 mem: # Memory controller stats
  mem-0: # Memory controller stats
   rd: 75920 # Read requests
   wr: 20316 # Write requests
   rdlat: 10202026 # Total latency experienced by read requests
   wrlat: 2997436 # Total latency experienced by write requests
   rdhits: 35 # Read row hits
   wrhits: 32 # Write row hits
   mlh: # latency histogram for memory requests
    0: 0
    1: 0
    2: 0
    3: 0
    4: 0
    5: 0
    6: 0
    7: 0
    8: 0
    9: 0
    10: 0
    11: 5
    12: 5
    13: 73130
    14: 721
    15: 571
    16: 236
    17: 65
    18: 56
    19: 79
    20: 77
    21: 66
    22: 60
    23: 47
    24: 37
    25: 33
    26: 36
    27: 35
    28: 33
    29: 36
    30: 31
    31: 59
    32: 45
    33: 42
    34: 38
    35: 45
    36: 50
    37: 40
    38: 45
    39: 45
    40: 47
    41: 42
    42: 29
    43: 20
    44: 3
    45: 2
    46: 7
    47: 2
    48: 0
    49: 0
    50: 0
    51: 0
    52: 0
    53: 0
    54: 0
    55: 0
    56: 0
    57: 0
    58: 0
    59: 0
    60: 0
    61: 0
    62: 0
    63: 0
    64: 0
    65: 0
    66: 0
    67: 0
    68: 0
    69: 0
    70: 0
    71: 0
    72: 0
    73: 0
    74: 0
    75: 0
    76: 0
    77: 0
    78: 0
    79: 0
    80: 0
    81: 0
    82: 0
    83: 0
    84: 0
    85: 0
    86: 0
    87: 0
    88: 0
    89: 0
    90: 0
    91: 0
    92: 0
    93: 0
    94: 0
    95: 0
    96: 0
    97: 0
    98: 0
    99: 0
  mem-1: # Memory controller stats
   rd: 74247 # Read requests
   wr: 20476 # Write requests
   rdlat: 9980868 # Total latency experienced by read requests
   wrlat: 3019841 # Total latency experienced by write requests
   rdhits: 35 # Read row hits
   wrhits: 34 # Write row hits
   mlh: # latency histogram for memory requests
    0: 0
    1: 0
    2: 0
    3: 0
    4: 0
    5: 0
    6: 0
    7: 0
    8: 0
    9: 1
    10: 1
    11: 3
    12: 6
    13: 71302
    14: 870
    15: 597
    16: 266
    17: 60
    18: 44
    19: 70
    20: 59
    21: 45
    22: 51
    23: 51
    24: 58
    25: 45
    26: 31
    27: 36
    28: 40
    29: 45
    30: 29
    31: 38
    32: 51
    33: 43
    34: 36
    35: 46
    36: 41
    37: 53
    38: 54
    39: 41
    40: 36
    41: 37
    42: 42
    43: 7
    44: 2
    45: 5
    46: 4
    47: 1
    48: 0
    49: 0
    50: 0
    51: 0
    52: 0
    53: 0
    54: 0
    55: 0
    56: 0
    57: 0
    58: 0
    59: 0
    60: 0
    61: 0
    62: 0
    63: 0
    64: 0
    65: 0
    66: 0
    67: 0
    68: 0
    69: 0
    70: 0
    71: 0
    72: 0
    73: 0
    74: 0
    75: 0
    76: 0
    77: 0
    78: 0
    79: 0
    80: 0
    81: 0
    82: 0
    83: 0
    84: 0
    85: 0
    86: 0
    87: 0
    88: 0
    89: 0
    90: 0
    91: 0
    92: 0
    93: 0
    94: 0
    95: 0
    96: 0
    97: 0
    98: 0
    99: 0
  mem-2: # Memory controller stats
   rd: 75560 # Read requests
   wr: 20188 # Write requests
   rdlat: 10150637 # Total latency experienced by read requests
   wrlat: 2966689 # Total latency experienced by write requests
   rdhits: 47 # Read row hits
   wrhits: 29 # Write row hits
   mlh: # latency histogram for memory requests
    0: 0
    1: 0
    2: 0
    3: 0
    4: 0
    5: 0
    6: 0
    7: 0
    8: 0
    9: 0
    10: 0
    11: 12
    12: 15
    13: 72887
    14: 656
    15: 537
    16: 268
    17: 41
    18: 54
    19: 60
    20: 67
    21: 59
    22: 45
    23: 44
    24: 45
    25: 43
    26: 32
    27: 42
    28: 31
    29: 39
    30: 35
    31: 48
    32: 58
    33: 26
    34: 37
    35: 43
    36: 45
    37: 43
    38: 52
    39: 61
    40: 35
    41: 37
    42: 43
    43: 11
    44: 2
    45: 2
    46: 4
    47: 1
    48: 0
    49: 0
    50: 0
    51: 0
    52: 0
    53: 0
    54: 0
    55: 0
    56: 0
    57: 0
    58: 0
    59: 0
    60: 0
    61: 0
    62: 0
    63: 0
    64: 0
    65: 0
    66: 0
    67: 0
    68: 0
    69: 0
    70: 0
    71: 0
    72: 0
    73: 0
    74: 0
    75: 0
    76: 0
    77: 0
    78: 0
    79: 0
    80: 0
    81: 0
    82: 0
    83: 0
    84: 0
    85: 0
    86: 0
    87: 0
    88: 0
    89: 0
    90: 0
    91: 0
    92: 0
    93: 0
    94: 0
    95: 0
    96: 0
    97: 0
    98: 0
    99: 0
  mem-3: # Memory controller stats
   rd: 74055 # Read requests
   wr: 20280 # Write requests
   rdlat: 9955470 # Total latency experienced by read requests
   wrlat: 3003611 # Total latency experienced by write requests
   rdhits: 50 # Read row hits
   wrhits: 37 # Write row hits
   mlh: # latency histogram for memory requests
    0: 0
    1: 0
    2: 0
    3: 0
    4: 0
    5: 0
    6: 0
    7: 0
    8: 0
    9: 0
    10: 0
    11: 15
    12: 10
    13: 71142
    14: 831
    15: 598
    16: 277
    17: 61
    18: 66
    19: 62
    20: 62
    21: 40
    22: 38
    23: 41
    24: 50
    25: 46
    26: 29
    27: 43
    28: 37
    29: 34
    30: 39
    31: 43
    32: 41
    33: 45
    34: 33
    35: 36
    36: 42
    37: 36
    38: 40
    39: 39
    40: 48
    41: 38
    42: 63
    43: 16
    44: 5
    45: 3
    46: 1
    47: 1
    48: 1
    49: 0
    50: 1
    51: 1
    52: 0
    53: 0
    54: 0
    55: 0
    56: 0
    57: 0
    58: 1
    59: 0
    60: 0
    61: 0
    62: 0
    63: 0
    64: 0
    65: 0
    66: 0
    67: 0
    68: 0
    69: 0
    70: 0
    71: 0
    72: 0
    73: 0
    74: 0
    75: 0
    76: 0
    77: 0
    78: 0
    79: 0
    80: 0
    81: 0
    82: 0
    83: 0
    84: 0
    85: 0
    86: 0
    87: 0
    88: 0
    89: 0
    90: 0
    91: 0
    92: 0
    93: 0
    94: 0
    95: 0
    96: 0
    97: 0
    98: 0
    99: 0
 sched: # Scheduler stats
  thCr: 1 # Threads created
  thFn: 1 # Threads finished
  schedEvs: 1 # Schedule events
  waitEvs: 0 # Wait events
  handoffEvs: 0 # Handoff events
  sleepEvs: 0 # Sleep events
  idlePhases: 0 # Phases with no thread active
  idlePeriods: 0 # Periods with no thread active
  occHist: # Occupancy histogram
   0: 0
   1: 12368
  rqSzHist: # Run queue size histogram
   0: 12368
   1: 0
   2: 0
   3: 0
   4: 0
   5: 0
   6: 0
   7: 0
   8: 0
   9: 0
   10: 0
   11: 0
   12: 0
   13: 0
   14: 0
   15: 0
   16: 0
 procCycles: # Per-process unhalted core cycles
  0: 123680002
  1: 0
  2: 0
  3: 0
  4: 0
  5: 0
  6: 0
  7: 0
  8: 0
  9: 0
  10: 0
  11: 0
  12: 0
  13: 0
  14: 0
  15: 0
  16: 0
  17: 0
  18: 0
  19: 0
  20: 0
  21: 0
  22: 0
  23: 0
  24: 0
  25: 0
  26: 0
  27: 0
  28: 0
  29: 0
  30: 0
  31: 0
  32: 0
  33: 0
  34: 0
  35: 0
  36: 0
  37: 0
  38: 0
  39: 0
  40: 0
  41: 0
  42: 0
  43: 0
  44: 0
  45: 0
  46: 0
  47: 0
  48: 0
  49: 0
  50: 0
  51: 0
  52: 0
  53: 0
  54: 0
  55: 0
  56: 0
  57: 0
  58: 0
  59: 0
  60: 0
  61: 0
  62: 0
  63: 0
 procInstrs: # Per-process instructions
  0: 100005685
  1: 0
  2: 0
  3: 0
  4: 0
  5: 0
  6: 0
  7: 0
  8: 0
  9: 0
  10: 0
  11: 0
  12: 0
  13: 0
  14: 0
  15: 0
  16: 0
  17: 0
  18: 0
  19: 0
  20: 0
  21: 0
  22: 0
  23: 0
  24: 0
  25: 0
  26: 0
  27: 0
  28: 0
  29: 0
  30: 0
  31: 0
  32: 0
  33: 0
  34: 0
  35: 0
  36: 0
  37: 0
  38: 0
  39: 0
  40: 0
  41: 0
  42: 0
  43: 0
  44: 0
  45: 0
  46: 0
  47: 0
  48: 0
  49: 0
  50: 0
  51: 0
  52: 0
  53: 0
  54: 0
  55: 0
  56: 0
  57: 0
  58: 0
  59: 0
  60: 0
  61: 0
  62: 0
  63: 0
 heartbeats: # Per-process heartbeats
  0: 0
  1: 0
  2: 0
  3: 0
  4: 0
  5: 0
  6: 0
  7: 0
  8: 0
  9: 0
  10: 0
  11: 0
  12: 0
  13: 0
  14: 0
  15: 0
  16: 0
  17: 0
  18: 0
  19: 0
  20: 0
  21: 0
  22: 0
  23: 0
  24: 0
  25: 0
  26: 0
  27: 0
  28: 0
  29: 0
  30: 0
  31: 0
  32: 0
  33: 0
  34: 0
  35: 0
  36: 0
  37: 0
  38: 0
  39: 0
  40: 0
  41: 0
  42: 0
  43: 0
  44: 0
  45: 0
  46: 0
  47: 0
  48: 0
  49: 0
  50: 0
  51: 0
  52: 0
  53: 0
  54: 0
  55: 0
  56: 0
  57: 0
  58: 0
  59: 0
  60: 0
  61: 0
  62: 0
  63: 0
===
