# zsim stats
===
root: # Stats
 contention: # Contention simulation stats
  domain-0: # Domain stats
   time: 2662781524 # Weave simulation time
 time: # Simulator time breakdown
  init: 1122150128500
  bound: 17861992412
  weave: 2951160691
  ff: 0
 trigger: 20000 # Reason for this stats dump
 phase: 17184 # Simulated phases
 westmere: # Core stats
  westmere-0: # Core stats
   cycles: 171842659 # Simulated unhalted cycles
   cCycles: 45528873 # Cycles due to contention stalls
   instrs: 100005399 # Simulated instructions
   uops: 117231357 # Retired micro-ops
   bbls: 8769805 # Basic blocks
   approxInstrs: 737961 # Instrs with approx uop decoding
   mispredBranches: 70864 # Mispredicted branches
   condBranches: 8611290 # conditional branches
 l1i: # Cache stats
  l1i-0: # Filter cache stats
   fhGETS: 11618600 # Filtered GETS hits
   fhGETX: 0 # Filtered GETX hits
   hGETS: 490 # GETS hits
   hGETX: 0 # GETX hits
   mGETS: 1004 # GETS misses
   mGETXIM: 0 # GETX I->M misses
   mGETXSM: 0 # GETX S->M misses (upgrade misses)
   PUTS: 0 # Clean evictions (from lower level)
   PUTX: 0 # Dirty evictions (from lower level)
   INV: 5 # Invalidates (from upper level)
   INVX: 0 # Downgrades (from upper level)
   FWD: 0 # Forwards (from upper level)
   latGETnl: 121580 # GET request latency on next level
   latGETnet: 0 # GET request latency on network to next level
 l1d: # Cache stats
  l1d-0: # Filter cache stats
   fhGETS: 19331460 # Filtered GETS hits
   fhGETX: 5380249 # Filtered GETX hits
   hGETS: 11494758 # GETS hits
   hGETX: 4687164 # GETX hits
   mGETS: 2465574 # GETS misses
   mGETXIM: 891887 # GETX I->M misses
   mGETXSM: 0 # GETX S->M misses (upgrade misses)
   PUTS: 0 # Clean evictions (from lower level)
   PUTX: 0 # Dirty evictions (from lower level)
   INV: 0 # Invalidates (from upper level)
   INVX: 0 # Downgrades (from upper level)
   FWD: 0 # Forwards (from upper level)
   latGETnl: 310869362 # GET request latency on next level
   latGETnet: 0 # GET request latency on network to next level
 l2: # Cache stats
  l2-0: # Cache stats
   hGETS: 525841 # GETS hits
   hGETX: 212236 # GETX hits
   mGETS: 1940737 # GETS misses
   mGETXIM: 679651 # GETX I->M misses
   mGETXSM: 0 # GETX S->M misses (upgrade misses)
   PUTS: 2176659 # Clean evictions (from lower level)
   PUTX: 1180781 # Dirty evictions (from lower level)
   INV: 5 # Invalidates (from upper level)
   INVX: 0 # Downgrades (from upper level)
   FWD: 0 # Forwards (from upper level)
   latGETnl: 277406292 # GET request latency on next level
   latGETnet: 0 # GET request latency on network to next level
 l3: # Cache stats
  l3-0: # Cache stats
   hGETS: 195098 # GETS hits
   hGETX: 41768 # GETX hits
   mGETS: 1745639 # GETS misses
   mGETXIM: 637883 # GETX I->M misses
   mGETXSM: 0 # GETX S->M misses (upgrade misses)
   PUTS: 1710844 # Clean evictions (from lower level)
   PUTX: 905443 # Dirty evictions (from lower level)
   INV: 0 # Invalidates (from upper level)
   INVX: 0 # Downgrades (from upper level)
   FWD: 0 # Forwards (from upper level)
   latGETnl: 214516980 # GET request latency on next level
   latGETnet: 0 # GET request latency on network to next level
 mem: # Memory controller stats
  mem-0: # Memory controller stats
   rd: 595862 # Read requests
   wr: 209887 # Write requests
   rdlat: 88045149 # Total latency experienced by read requests
   wrlat: 33564000 # Total latency experienced by write requests
   rdhits: 259 # Read row hits
   wrhits: 946 # Write row hits
   mlh: # latency histogram for memory requests
    0: 0
    1: 0
    2: 0
    3: 0
    4: 0
    5: 0
    6: 0
    7: 0
    8: 0
    9: 0
    10: 0
    11: 6
    12: 1
    13: 371421
    14: 87724
    15: 56375
    16: 6795
    17: 19679
    18: 11460
    19: 6018
    20: 636
    21: 564
    22: 541
    23: 3542
    24: 14398
    25: 5340
    26: 2245
    27: 727
    28: 270
    29: 388
    30: 333
    31: 357
    32: 318
    33: 372
    34: 456
    35: 2115
    36: 545
    37: 342
    38: 347
    39: 337
    40: 329
    41: 300
    42: 348
    43: 219
    44: 130
    45: 90
    46: 58
    47: 113
    48: 184
    49: 106
    50: 62
    51: 77
    52: 50
    53: 30
    54: 20
    55: 15
    56: 9
    57: 5
    58: 12
    59: 16
    60: 11
    61: 2
    62: 5
    63: 6
    64: 4
    65: 1
    66: 0
    67: 0
    68: 2
    69: 4
    70: 2
    71: 0
    72: 0
    73: 0
    74: 0
    75: 0
    76: 0
    77: 0
    78: 0
    79: 0
    80: 0
    81: 0
    82: 0
    83: 0
    84: 0
    85: 0
    86: 0
    87: 0
    88: 0
    89: 0
    90: 0
    91: 0
    92: 0
    93: 0
    94: 0
    95: 0
    96: 0
    97: 0
    98: 0
    99: 0
  mem-1: # Memory controller stats
   rd: 595882 # Read requests
   wr: 209833 # Write requests
   rdlat: 88088246 # Total latency experienced by read requests
   wrlat: 33646200 # Total latency experienced by write requests
   rdhits: 261 # Read row hits
   wrhits: 1189 # Write row hits
   mlh: # latency histogram for memory requests
    0: 0
    1: 0
    2: 0
    3: 0
    4: 0
    5: 0
    6: 0
    7: 0
    8: 0
    9: 0
    10: 0
    11: 4
    12: 1
    13: 371056
    14: 87585
    15: 56674
    16: 6623
    17: 19684
    18: 11620
    19: 5933
    20: 654
    21: 532
    22: 583
    23: 3622
    24: 14510
    25: 5364
    26: 2200
    27: 748
    28: 277
    29: 420
    30: 319
    31: 353
    32: 315
    33: 378
    34: 466
    35: 2154
    36: 534
    37: 351
    38: 346
    39: 327
    40: 354
    41: 340
    42: 356
    43: 250
    44: 120
    45: 60
    46: 54
    47: 115
    48: 159
    49: 101
    50: 81
    51: 61
    52: 36
    53: 34
    54: 36
    55: 14
    56: 6
    57: 1
    58: 12
    59: 25
    60: 14
    61: 7
    62: 2
    63: 2
    64: 4
    65: 0
    66: 1
    67: 0
    68: 2
    69: 1
    70: 0
    71: 1
    72: 0
    73: 0
    74: 0
    75: 0
    76: 0
    77: 0
    78: 0
    79: 0
    80: 0
    81: 0
    82: 0
    83: 0
    84: 0
    85: 0
    86: 0
    87: 0
    88: 0
    89: 0
    90: 0
    91: 0
    92: 0
    93: 0
    94: 0
    95: 0
    96: 0
    97: 0
    98: 0
    99: 0
  mem-2: # Memory controller stats
   rd: 595858 # Read requests
   wr: 209866 # Write requests
   rdlat: 88142194 # Total latency experienced by read requests
   wrlat: 33600711 # Total latency experienced by write requests
   rdhits: 256 # Read row hits
   wrhits: 949 # Write row hits
   mlh: # latency histogram for memory requests
    0: 0
    1: 0
    2: 0
    3: 0
    4: 0
    5: 0
    6: 0
    7: 0
    8: 0
    9: 0
    10: 0
    11: 8
    12: 0
    13: 370760
    14: 87825
    15: 56265
    16: 6729
    17: 19715
    18: 11569
    19: 6083
    20: 700
    21: 617
    22: 533
    23: 3695
    24: 14380
    25: 5334
    26: 2250
    27: 749
    28: 307
    29: 380
    30: 380
    31: 370
    32: 334
    33: 408
    34: 466
    35: 2129
    36: 531
    37: 313
    38: 330
    39: 325
    40: 340
    41: 305
    42: 392
    43: 258
    44: 164
    45: 91
    46: 64
    47: 116
    48: 168
    49: 109
    50: 70
    51: 69
    52: 49
    53: 42
    54: 33
    55: 13
    56: 9
    57: 6
    58: 19
    59: 17
    60: 10
    61: 4
    62: 6
    63: 6
    64: 5
    65: 3
    66: 0
    67: 1
    68: 1
    69: 2
    70: 1
    71: 0
    72: 0
    73: 0
    74: 0
    75: 0
    76: 0
    77: 0
    78: 0
    79: 0
    80: 0
    81: 0
    82: 0
    83: 0
    84: 0
    85: 0
    86: 0
    87: 0
    88: 0
    89: 0
    90: 0
    91: 0
    92: 0
    93: 0
    94: 0
    95: 0
    96: 0
    97: 0
    98: 0
    99: 0
  mem-3: # Memory controller stats
   rd: 595885 # Read requests
   wr: 209855 # Write requests
   rdlat: 88065475 # Total latency experienced by read requests
   wrlat: 33632662 # Total latency experienced by write requests
   rdhits: 256 # Read row hits
   wrhits: 1049 # Write row hits
   mlh: # latency histogram for memory requests
    0: 0
    1: 0
    2: 0
    3: 0
    4: 0
    5: 0
    6: 0
    7: 0
    8: 0
    9: 0
    10: 0
    11: 2
    12: 0
    13: 370735
    14: 87619
    15: 56485
    16: 6674
    17: 19891
    18: 11668
    19: 5979
    20: 719
    21: 622
    22: 603
    23: 3634
    24: 14415
    25: 5503
    26: 2257
    27: 775
    28: 335
    29: 456
    30: 403
    31: 360
    32: 338
    33: 347
    34: 409
    35: 2101
    36: 519
    37: 298
    38: 315
    39: 310
    40: 332
    41: 318
    42: 368
    43: 211
    44: 106
    45: 80
    46: 60
    47: 91
    48: 153
    49: 88
    50: 72
    51: 64
    52: 35
    53: 38
    54: 25
    55: 12
    56: 3
    57: 1
    58: 7
    59: 14
    60: 9
    61: 9
    62: 5
    63: 2
    64: 2
    65: 5
    66: 0
    67: 0
    68: 1
    69: 1
    70: 0
    71: 0
    72: 0
    73: 0
    74: 0
    75: 0
    76: 0
    77: 1
    78: 0
    79: 0
    80: 0
    81: 0
    82: 0
    83: 0
    84: 0
    85: 0
    86: 0
    87: 0
    88: 0
    89: 0
    90: 0
    91: 0
    92: 0
    93: 0
    94: 0
    95: 0
    96: 0
    97: 0
    98: 0
    99: 0
 sched: # Scheduler stats
  thCr: 1 # Threads created
  thFn: 1 # Threads finished
  schedEvs: 1 # Schedule events
  waitEvs: 0 # Wait events
  handoffEvs: 0 # Handoff events
  sleepEvs: 0 # Sleep events
  idlePhases: 0 # Phases with no thread active
  idlePeriods: 0 # Periods with no thread active
  occHist: # Occupancy histogram
   0: 0
   1: 17184
  rqSzHist: # Run queue size histogram
   0: 17184
   1: 0
   2: 0
   3: 0
   4: 0
   5: 0
   6: 0
   7: 0
   8: 0
   9: 0
   10: 0
   11: 0
   12: 0
   13: 0
   14: 0
   15: 0
   16: 0
 procCycles: # Per-process unhalted core cycles
  0: 171842659
  1: 0
  2: 0
  3: 0
  4: 0
  5: 0
  6: 0
  7: 0
  8: 0
  9: 0
  10: 0
  11: 0
  12: 0
  13: 0
  14: 0
  15: 0
  16: 0
  17: 0
  18: 0
  19: 0
  20: 0
  21: 0
  22: 0
  23: 0
  24: 0
  25: 0
  26: 0
  27: 0
  28: 0
  29: 0
  30: 0
  31: 0
  32: 0
  33: 0
  34: 0
  35: 0
  36: 0
  37: 0
  38: 0
  39: 0
  40: 0
  41: 0
  42: 0
  43: 0
  44: 0
  45: 0
  46: 0
  47: 0
  48: 0
  49: 0
  50: 0
  51: 0
  52: 0
  53: 0
  54: 0
  55: 0
  56: 0
  57: 0
  58: 0
  59: 0
  60: 0
  61: 0
  62: 0
  63: 0
 procInstrs: # Per-process instructions
  0: 100005399
  1: 0
  2: 0
  3: 0
  4: 0
  5: 0
  6: 0
  7: 0
  8: 0
  9: 0
  10: 0
  11: 0
  12: 0
  13: 0
  14: 0
  15: 0
  16: 0
  17: 0
  18: 0
  19: 0
  20: 0
  21: 0
  22: 0
  23: 0
  24: 0
  25: 0
  26: 0
  27: 0
  28: 0
  29: 0
  30: 0
  31: 0
  32: 0
  33: 0
  34: 0
  35: 0
  36: 0
  37: 0
  38: 0
  39: 0
  40: 0
  41: 0
  42: 0
  43: 0
  44: 0
  45: 0
  46: 0
  47: 0
  48: 0
  49: 0
  50: 0
  51: 0
  52: 0
  53: 0
  54: 0
  55: 0
  56: 0
  57: 0
  58: 0
  59: 0
  60: 0
  61: 0
  62: 0
  63: 0
 heartbeats: # Per-process heartbeats
  0: 0
  1: 0
  2: 0
  3: 0
  4: 0
  5: 0
  6: 0
  7: 0
  8: 0
  9: 0
  10: 0
  11: 0
  12: 0
  13: 0
  14: 0
  15: 0
  16: 0
  17: 0
  18: 0
  19: 0
  20: 0
  21: 0
  22: 0
  23: 0
  24: 0
  25: 0
  26: 0
  27: 0
  28: 0
  29: 0
  30: 0
  31: 0
  32: 0
  33: 0
  34: 0
  35: 0
  36: 0
  37: 0
  38: 0
  39: 0
  40: 0
  41: 0
  42: 0
  43: 0
  44: 0
  45: 0
  46: 0
  47: 0
  48: 0
  49: 0
  50: 0
  51: 0
  52: 0
  53: 0
  54: 0
  55: 0
  56: 0
  57: 0
  58: 0
  59: 0
  60: 0
  61: 0
  62: 0
  63: 0
===
