# zsim stats
===
root: # Stats
 contention: # Contention simulation stats
  domain-0: # Domain stats
   time: 447227993 # Weave simulation time
 time: # Simulator time breakdown
  init: 688224687114
  bound: 14893264120
  weave: 729337312
  ff: 0
 trigger: 20000 # Reason for this stats dump
 phase: 12194 # Simulated phases
 westmere: # Core stats
  westmere-0: # Core stats
   cycles: 121940004 # Simulated unhalted cycles
   cCycles: 7832324 # Cycles due to contention stalls
   instrs: 100004832 # Simulated instructions
   uops: 119440108 # Retired micro-ops
   bbls: 22505051 # Basic blocks
   approxInstrs: 237083 # Instrs with approx uop decoding
   mispredBranches: 1137981 # Mispredicted branches
   condBranches: 17116027 # conditional branches
 l1i: # Cache stats
  l1i-0: # Filter cache stats
   fhGETS: 25085798 # Filtered GETS hits
   fhGETX: 0 # Filtered GETX hits
   hGETS: 2019538 # GETS hits
   hGETX: 0 # GETX hits
   mGETS: 701657 # GETS misses
   mGETXIM: 0 # GETX I->M misses
   mGETXSM: 0 # GETX S->M misses (upgrade misses)
   PUTS: 0 # Clean evictions (from lower level)
   PUTX: 0 # Dirty evictions (from lower level)
   INV: 5565 # Invalidates (from upper level)
   INVX: 0 # Downgrades (from upper level)
   FWD: 0 # Forwards (from upper level)
   latGETnl: 9178874 # GET request latency on next level
   latGETnet: 0 # GET request latency on network to next level
 l1d: # Cache stats
  l1d-0: # Filter cache stats
   fhGETS: 23292155 # Filtered GETS hits
   fhGETX: 15462999 # Filtered GETX hits
   hGETS: 1992105 # GETS hits
   hGETX: 973819 # GETX hits
   mGETS: 1508196 # GETS misses
   mGETXIM: 1557216 # GETX I->M misses
   mGETXSM: 0 # GETX S->M misses (upgrade misses)
   PUTS: 0 # Clean evictions (from lower level)
   PUTX: 0 # Dirty evictions (from lower level)
   INV: 30881 # Invalidates (from upper level)
   INVX: 0 # Downgrades (from upper level)
   FWD: 0 # Forwards (from upper level)
   latGETnl: 96987636 # GET request latency on next level
   latGETnet: 0 # GET request latency on network to next level
 l2: # Cache stats
  l2-0: # Cache stats
   hGETS: 1059008 # GETS hits
   hGETX: 950561 # GETX hits
   mGETS: 1150845 # GETS misses
   mGETXIM: 606655 # GETX I->M misses
   mGETXSM: 0 # GETX S->M misses (upgrade misses)
   PUTS: 1892294 # Clean evictions (from lower level)
   PUTX: 1837307 # Dirty evictions (from lower level)
   INV: 74858 # Invalidates (from upper level)
   INVX: 0 # Downgrades (from upper level)
   FWD: 0 # Forwards (from upper level)
   latGETnl: 68495820 # GET request latency on next level
   latGETnet: 0 # GET request latency on network to next level
 l3: # Cache stats
  l3-0: # Cache stats
   hGETS: 928102 # GETS hits
   hGETX: 537000 # GETX hits
   mGETS: 222743 # GETS misses
   mGETXIM: 69655 # GETX I->M misses
   mGETXSM: 0 # GETX S->M misses (upgrade misses)
   PUTS: 942264 # Clean evictions (from lower level)
   PUTX: 736284 # Dirty evictions (from lower level)
   INV: 0 # Invalidates (from upper level)
   INVX: 0 # Downgrades (from upper level)
   FWD: 0 # Forwards (from upper level)
   latGETnl: 26315820 # GET request latency on next level
   latGETnet: 0 # GET request latency on network to next level
 mem: # Memory controller stats
  mem-0: # Memory controller stats
   rd: 73901 # Read requests
   wr: 22730 # Write requests
   rdlat: 9957411 # Total latency experienced by read requests
   wrlat: 3426348 # Total latency experienced by write requests
   rdhits: 50 # Read row hits
   wrhits: 62 # Write row hits
   mlh: # latency histogram for memory requests
    0: 0
    1: 0
    2: 0
    3: 0
    4: 0
    5: 0
    6: 0
    7: 0
    8: 0
    9: 0
    10: 0
    11: 8
    12: 8
    13: 70387
    14: 1002
    15: 809
    16: 364
    17: 72
    18: 80
    19: 82
    20: 95
    21: 70
    22: 51
    23: 61
    24: 49
    25: 39
    26: 42
    27: 39
    28: 32
    29: 38
    30: 48
    31: 35
    32: 31
    33: 39
    34: 37
    35: 45
    36: 46
    37: 50
    38: 42
    39: 42
    40: 39
    41: 60
    42: 29
    43: 15
    44: 1
    45: 3
    46: 6
    47: 3
    48: 1
    49: 1
    50: 0
    51: 0
    52: 0
    53: 0
    54: 0
    55: 0
    56: 0
    57: 0
    58: 0
    59: 0
    60: 0
    61: 0
    62: 0
    63: 0
    64: 0
    65: 0
    66: 0
    67: 0
    68: 0
    69: 0
    70: 0
    71: 0
    72: 0
    73: 0
    74: 0
    75: 0
    76: 0
    77: 0
    78: 0
    79: 0
    80: 0
    81: 0
    82: 0
    83: 0
    84: 0
    85: 0
    86: 0
    87: 0
    88: 0
    89: 0
    90: 0
    91: 0
    92: 0
    93: 0
    94: 0
    95: 0
    96: 0
    97: 0
    98: 0
    99: 0
  mem-1: # Memory controller stats
   rd: 72326 # Read requests
   wr: 22849 # Write requests
   rdlat: 9740550 # Total latency experienced by read requests
   wrlat: 3431377 # Total latency experienced by write requests
   rdhits: 47 # Read row hits
   wrhits: 55 # Write row hits
   mlh: # latency histogram for memory requests
    0: 0
    1: 0
    2: 0
    3: 0
    4: 0
    5: 0
    6: 0
    7: 0
    8: 0
    9: 0
    10: 0
    11: 6
    12: 13
    13: 68778
    14: 1199
    15: 732
    16: 345
    17: 79
    18: 89
    19: 72
    20: 68
    21: 53
    22: 44
    23: 57
    24: 48
    25: 43
    26: 39
    27: 47
    28: 24
    29: 36
    30: 43
    31: 41
    32: 37
    33: 37
    34: 34
    35: 42
    36: 27
    37: 44
    38: 45
    39: 40
    40: 52
    41: 37
    42: 39
    43: 18
    44: 3
    45: 2
    46: 6
    47: 5
    48: 1
    49: 1
    50: 0
    51: 0
    52: 0
    53: 0
    54: 0
    55: 0
    56: 0
    57: 0
    58: 0
    59: 0
    60: 0
    61: 0
    62: 0
    63: 0
    64: 0
    65: 0
    66: 0
    67: 0
    68: 0
    69: 0
    70: 0
    71: 0
    72: 0
    73: 0
    74: 0
    75: 0
    76: 0
    77: 0
    78: 0
    79: 0
    80: 0
    81: 0
    82: 0
    83: 0
    84: 0
    85: 0
    86: 0
    87: 0
    88: 0
    89: 0
    90: 0
    91: 0
    92: 0
    93: 0
    94: 0
    95: 0
    96: 0
    97: 0
    98: 0
    99: 0
  mem-2: # Memory controller stats
   rd: 73985 # Read requests
   wr: 22806 # Write requests
   rdlat: 9972395 # Total latency experienced by read requests
   wrlat: 3447796 # Total latency experienced by write requests
   rdhits: 59 # Read row hits
   wrhits: 71 # Write row hits
   mlh: # latency histogram for memory requests
    0: 0
    1: 0
    2: 0
    3: 0
    4: 0
    5: 0
    6: 0
    7: 0
    8: 0
    9: 0
    10: 0
    11: 8
    12: 14
    13: 70449
    14: 1021
    15: 779
    16: 332
    17: 83
    18: 77
    19: 97
    20: 96
    21: 78
    22: 64
    23: 51
    24: 64
    25: 47
    26: 36
    27: 43
    28: 30
    29: 35
    30: 35
    31: 43
    32: 45
    33: 43
    34: 37
    35: 41
    36: 42
    37: 46
    38: 52
    39: 46
    40: 33
    41: 46
    42: 43
    43: 13
    44: 5
    45: 0
    46: 7
    47: 2
    48: 2
    49: 0
    50: 0
    51: 0
    52: 0
    53: 0
    54: 0
    55: 0
    56: 0
    57: 0
    58: 0
    59: 0
    60: 0
    61: 0
    62: 0
    63: 0
    64: 0
    65: 0
    66: 0
    67: 0
    68: 0
    69: 0
    70: 0
    71: 0
    72: 0
    73: 0
    74: 0
    75: 0
    76: 0
    77: 0
    78: 0
    79: 0
    80: 0
    81: 0
    82: 0
    83: 0
    84: 0
    85: 0
    86: 0
    87: 0
    88: 0
    89: 0
    90: 0
    91: 0
    92: 0
    93: 0
    94: 0
    95: 0
    96: 0
    97: 0
    98: 0
    99: 0
  mem-3: # Memory controller stats
   rd: 72186 # Read requests
   wr: 22675 # Write requests
   rdlat: 9727909 # Total latency experienced by read requests
   wrlat: 3414646 # Total latency experienced by write requests
   rdhits: 51 # Read row hits
   wrhits: 70 # Write row hits
   mlh: # latency histogram for memory requests
    0: 0
    1: 0
    2: 0
    3: 0
    4: 0
    5: 0
    6: 0
    7: 0
    8: 0
    9: 0
    10: 0
    11: 10
    12: 7
    13: 68538
    14: 1200
    15: 792
    16: 352
    17: 78
    18: 85
    19: 82
    20: 90
    21: 48
    22: 53
    23: 47
    24: 53
    25: 50
    26: 24
    27: 38
    28: 31
    29: 39
    30: 36
    31: 33
    32: 47
    33: 50
    34: 42
    35: 39
    36: 48
    37: 44
    38: 42
    39: 40
    40: 37
    41: 40
    42: 35
    43: 13
    44: 6
    45: 6
    46: 6
    47: 3
    48: 2
    49: 0
    50: 0
    51: 0
    52: 0
    53: 0
    54: 0
    55: 0
    56: 0
    57: 0
    58: 0
    59: 0
    60: 0
    61: 0
    62: 0
    63: 0
    64: 0
    65: 0
    66: 0
    67: 0
    68: 0
    69: 0
    70: 0
    71: 0
    72: 0
    73: 0
    74: 0
    75: 0
    76: 0
    77: 0
    78: 0
    79: 0
    80: 0
    81: 0
    82: 0
    83: 0
    84: 0
    85: 0
    86: 0
    87: 0
    88: 0
    89: 0
    90: 0
    91: 0
    92: 0
    93: 0
    94: 0
    95: 0
    96: 0
    97: 0
    98: 0
    99: 0
 sched: # Scheduler stats
  thCr: 1 # Threads created
  thFn: 1 # Threads finished
  schedEvs: 1 # Schedule events
  waitEvs: 0 # Wait events
  handoffEvs: 0 # Handoff events
  sleepEvs: 0 # Sleep events
  idlePhases: 0 # Phases with no thread active
  idlePeriods: 0 # Periods with no thread active
  occHist: # Occupancy histogram
   0: 0
   1: 12194
  rqSzHist: # Run queue size histogram
   0: 12194
   1: 0
   2: 0
   3: 0
   4: 0
   5: 0
   6: 0
   7: 0
   8: 0
   9: 0
   10: 0
   11: 0
   12: 0
   13: 0
   14: 0
   15: 0
   16: 0
 procCycles: # Per-process unhalted core cycles
  0: 121940004
  1: 0
  2: 0
  3: 0
  4: 0
  5: 0
  6: 0
  7: 0
  8: 0
  9: 0
  10: 0
  11: 0
  12: 0
  13: 0
  14: 0
  15: 0
  16: 0
  17: 0
  18: 0
  19: 0
  20: 0
  21: 0
  22: 0
  23: 0
  24: 0
  25: 0
  26: 0
  27: 0
  28: 0
  29: 0
  30: 0
  31: 0
  32: 0
  33: 0
  34: 0
  35: 0
  36: 0
  37: 0
  38: 0
  39: 0
  40: 0
  41: 0
  42: 0
  43: 0
  44: 0
  45: 0
  46: 0
  47: 0
  48: 0
  49: 0
  50: 0
  51: 0
  52: 0
  53: 0
  54: 0
  55: 0
  56: 0
  57: 0
  58: 0
  59: 0
  60: 0
  61: 0
  62: 0
  63: 0
 procInstrs: # Per-process instructions
  0: 100004832
  1: 0
  2: 0
  3: 0
  4: 0
  5: 0
  6: 0
  7: 0
  8: 0
  9: 0
  10: 0
  11: 0
  12: 0
  13: 0
  14: 0
  15: 0
  16: 0
  17: 0
  18: 0
  19: 0
  20: 0
  21: 0
  22: 0
  23: 0
  24: 0
  25: 0
  26: 0
  27: 0
  28: 0
  29: 0
  30: 0
  31: 0
  32: 0
  33: 0
  34: 0
  35: 0
  36: 0
  37: 0
  38: 0
  39: 0
  40: 0
  41: 0
  42: 0
  43: 0
  44: 0
  45: 0
  46: 0
  47: 0
  48: 0
  49: 0
  50: 0
  51: 0
  52: 0
  53: 0
  54: 0
  55: 0
  56: 0
  57: 0
  58: 0
  59: 0
  60: 0
  61: 0
  62: 0
  63: 0
 heartbeats: # Per-process heartbeats
  0: 0
  1: 0
  2: 0
  3: 0
  4: 0
  5: 0
  6: 0
  7: 0
  8: 0
  9: 0
  10: 0
  11: 0
  12: 0
  13: 0
  14: 0
  15: 0
  16: 0
  17: 0
  18: 0
  19: 0
  20: 0
  21: 0
  22: 0
  23: 0
  24: 0
  25: 0
  26: 0
  27: 0
  28: 0
  29: 0
  30: 0
  31: 0
  32: 0
  33: 0
  34: 0
  35: 0
  36: 0
  37: 0
  38: 0
  39: 0
  40: 0
  41: 0
  42: 0
  43: 0
  44: 0
  45: 0
  46: 0
  47: 0
  48: 0
  49: 0
  50: 0
  51: 0
  52: 0
  53: 0
  54: 0
  55: 0
  56: 0
  57: 0
  58: 0
  59: 0
  60: 0
  61: 0
  62: 0
  63: 0
===
