# zsim stats
===
root: # Stats
 contention: # Contention simulation stats
  domain-0: # Domain stats
   time: 580462852 # Weave simulation time
 time: # Simulator time breakdown
  init: 9570099792039
  bound: 11434077670
  weave: 765491399
  ff: 0
 trigger: 20000 # Reason for this stats dump
 phase: 8443 # Simulated phases
 westmere: # Core stats
  westmere-0: # Core stats
   cycles: 84430914 # Simulated unhalted cycles
   cCycles: 10051455 # Cycles due to contention stalls
   instrs: 100010220 # Simulated instructions
   uops: 132226933 # Retired micro-ops
   bbls: 1458090 # Basic blocks
   approxInstrs: 967642 # Instrs with approx uop decoding
   mispredBranches: 1055 # Mispredicted branches
   condBranches: 120272 # conditional branches
 l1i: # Cache stats
  l1i-0: # Filter cache stats
   fhGETS: 6774115 # Filtered GETS hits
   fhGETX: 0 # Filtered GETX hits
   hGETS: 4033663 # GETS hits
   hGETX: 0 # GETX hits
   mGETS: 259 # GETS misses
   mGETXIM: 0 # GETX I->M misses
   mGETXSM: 0 # GETX S->M misses (upgrade misses)
   PUTS: 0 # Clean evictions (from lower level)
   PUTX: 0 # Dirty evictions (from lower level)
   INV: 14 # Invalidates (from upper level)
   INVX: 0 # Downgrades (from upper level)
   FWD: 0 # Forwards (from upper level)
   latGETnl: 32116 # GET request latency on next level
   latGETnet: 0 # GET request latency on network to next level
 l1d: # Cache stats
  l1d-0: # Filter cache stats
   fhGETS: 37167196 # Filtered GETS hits
   fhGETX: 9749519 # Filtered GETX hits
   hGETS: 5038962 # GETS hits
   hGETX: 1459971 # GETX hits
   mGETS: 617539 # GETS misses
   mGETXIM: 139995 # GETX I->M misses
   mGETXSM: 0 # GETX S->M misses (upgrade misses)
   PUTS: 0 # Clean evictions (from lower level)
   PUTX: 0 # Dirty evictions (from lower level)
   INV: 4 # Invalidates (from upper level)
   INVX: 0 # Downgrades (from upper level)
   FWD: 0 # Forwards (from upper level)
   latGETnl: 63032788 # GET request latency on next level
   latGETnet: 0 # GET request latency on network to next level
 l2: # Cache stats
  l2-0: # Cache stats
   hGETS: 257032 # GETS hits
   hGETX: 5 # GETX hits
   mGETS: 360766 # GETS misses
   mGETXIM: 139990 # GETX I->M misses
   mGETXSM: 0 # GETX S->M misses (upgrade misses)
   PUTS: 616372 # Clean evictions (from lower level)
   PUTX: 140646 # Dirty evictions (from lower level)
   INV: 0 # Invalidates (from upper level)
   INVX: 0 # Downgrades (from upper level)
   FWD: 0 # Forwards (from upper level)
   latGETnl: 55486974 # GET request latency on next level
   latGETnet: 0 # GET request latency on network to next level
 l3: # Cache stats
  l3-0: # Cache stats
   hGETS: 13964 # GETS hits
   hGETX: 3805 # GETX hits
   mGETS: 346802 # GETS misses
   mGETXIM: 136185 # GETX I->M misses
   mGETXSM: 0 # GETX S->M misses (upgrade misses)
   PUTS: 356758 # Clean evictions (from lower level)
   PUTX: 139902 # Dirty evictions (from lower level)
   INV: 0 # Invalidates (from upper level)
   INVX: 0 # Downgrades (from upper level)
   FWD: 0 # Forwards (from upper level)
   latGETnl: 43468830 # GET request latency on next level
   latGETnet: 0 # GET request latency on network to next level
 mem: # Memory controller stats
  mem-0: # Memory controller stats
   rd: 120713 # Read requests
   wr: 33830 # Write requests
   rdlat: 17645625 # Total latency experienced by read requests
   wrlat: 5547057 # Total latency experienced by write requests
   rdhits: 7 # Read row hits
   wrhits: 66 # Write row hits
   mlh: # latency histogram for memory requests
    0: 0
    1: 0
    2: 0
    3: 0
    4: 0
    5: 0
    6: 0
    7: 0
    8: 0
    9: 0
    10: 0
    11: 0
    12: 0
    13: 77864
    14: 21437
    15: 6079
    16: 1463
    17: 4949
    18: 897
    19: 1173
    20: 878
    21: 146
    22: 508
    23: 136
    24: 316
    25: 3106
    26: 363
    27: 72
    28: 49
    29: 69
    30: 64
    31: 60
    32: 50
    33: 44
    34: 48
    35: 87
    36: 77
    37: 76
    38: 80
    39: 51
    40: 62
    41: 65
    42: 78
    43: 75
    44: 47
    45: 18
    46: 23
    47: 52
    48: 55
    49: 31
    50: 13
    51: 15
    52: 9
    53: 6
    54: 5
    55: 8
    56: 2
    57: 1
    58: 4
    59: 2
    60: 0
    61: 0
    62: 0
    63: 0
    64: 0
    65: 0
    66: 0
    67: 0
    68: 0
    69: 0
    70: 0
    71: 0
    72: 0
    73: 0
    74: 0
    75: 0
    76: 0
    77: 0
    78: 0
    79: 0
    80: 0
    81: 0
    82: 0
    83: 0
    84: 0
    85: 0
    86: 0
    87: 0
    88: 0
    89: 0
    90: 0
    91: 0
    92: 0
    93: 0
    94: 0
    95: 0
    96: 0
    97: 0
    98: 0
    99: 0
  mem-1: # Memory controller stats
   rd: 120760 # Read requests
   wr: 33839 # Write requests
   rdlat: 17664291 # Total latency experienced by read requests
   wrlat: 5558892 # Total latency experienced by write requests
   rdhits: 12 # Read row hits
   wrhits: 65 # Write row hits
   mlh: # latency histogram for memory requests
    0: 0
    1: 0
    2: 0
    3: 0
    4: 0
    5: 0
    6: 0
    7: 0
    8: 0
    9: 0
    10: 0
    11: 0
    12: 0
    13: 77806
    14: 21527
    15: 6055
    16: 1486
    17: 4976
    18: 873
    19: 1151
    20: 890
    21: 139
    22: 529
    23: 133
    24: 307
    25: 3126
    26: 340
    27: 58
    28: 41
    29: 46
    30: 45
    31: 47
    32: 47
    33: 56
    34: 54
    35: 84
    36: 82
    37: 90
    38: 80
    39: 83
    40: 78
    41: 63
    42: 82
    43: 83
    44: 44
    45: 23
    46: 36
    47: 65
    48: 67
    49: 23
    50: 13
    51: 9
    52: 5
    53: 2
    54: 0
    55: 7
    56: 3
    57: 3
    58: 2
    59: 1
    60: 0
    61: 0
    62: 0
    63: 0
    64: 0
    65: 0
    66: 0
    67: 0
    68: 0
    69: 0
    70: 0
    71: 0
    72: 0
    73: 0
    74: 0
    75: 0
    76: 0
    77: 0
    78: 0
    79: 0
    80: 0
    81: 0
    82: 0
    83: 0
    84: 0
    85: 0
    86: 0
    87: 0
    88: 0
    89: 0
    90: 0
    91: 0
    92: 0
    93: 0
    94: 0
    95: 0
    96: 0
    97: 0
    98: 0
    99: 0
  mem-2: # Memory controller stats
   rd: 120765 # Read requests
   wr: 33846 # Write requests
   rdlat: 17653511 # Total latency experienced by read requests
   wrlat: 5540146 # Total latency experienced by write requests
   rdhits: 2 # Read row hits
   wrhits: 87 # Write row hits
   mlh: # latency histogram for memory requests
    0: 0
    1: 0
    2: 0
    3: 0
    4: 0
    5: 0
    6: 0
    7: 0
    8: 0
    9: 0
    10: 0
    11: 0
    12: 0
    13: 77980
    14: 21476
    15: 5967
    16: 1441
    17: 5006
    18: 889
    19: 1113
    20: 871
    21: 139
    22: 541
    23: 180
    24: 301
    25: 3115
    26: 361
    27: 68
    28: 61
    29: 71
    30: 55
    31: 37
    32: 55
    33: 40
    34: 51
    35: 76
    36: 66
    37: 77
    38: 79
    39: 50
    40: 71
    41: 60
    42: 83
    43: 69
    44: 53
    45: 30
    46: 28
    47: 61
    48: 58
    49: 29
    50: 16
    51: 7
    52: 7
    53: 4
    54: 2
    55: 11
    56: 3
    57: 1
    58: 4
    59: 2
    60: 0
    61: 0
    62: 0
    63: 0
    64: 0
    65: 0
    66: 0
    67: 0
    68: 0
    69: 0
    70: 0
    71: 0
    72: 0
    73: 0
    74: 0
    75: 0
    76: 0
    77: 0
    78: 0
    79: 0
    80: 0
    81: 0
    82: 0
    83: 0
    84: 0
    85: 0
    86: 0
    87: 0
    88: 0
    89: 0
    90: 0
    91: 0
    92: 0
    93: 0
    94: 0
    95: 0
    96: 0
    97: 0
    98: 0
    99: 0
  mem-3: # Memory controller stats
   rd: 120746 # Read requests
   wr: 33830 # Write requests
   rdlat: 17664308 # Total latency experienced by read requests
   wrlat: 5533178 # Total latency experienced by write requests
   rdhits: 2 # Read row hits
   wrhits: 78 # Write row hits
   mlh: # latency histogram for memory requests
    0: 0
    1: 0
    2: 0
    3: 0
    4: 0
    5: 0
    6: 0
    7: 0
    8: 0
    9: 0
    10: 0
    11: 0
    12: 0
    13: 77897
    14: 21470
    15: 5989
    16: 1452
    17: 4973
    18: 901
    19: 1140
    20: 850
    21: 127
    22: 565
    23: 211
    24: 274
    25: 3133
    26: 343
    27: 66
    28: 58
    29: 72
    30: 55
    31: 48
    32: 50
    33: 64
    34: 45
    35: 56
    36: 63
    37: 71
    38: 91
    39: 63
    40: 64
    41: 61
    42: 84
    43: 60
    44: 50
    45: 29
    46: 28
    47: 68
    48: 85
    49: 26
    50: 11
    51: 15
    52: 11
    53: 3
    54: 2
    55: 8
    56: 3
    57: 7
    58: 2
    59: 2
    60: 0
    61: 0
    62: 0
    63: 0
    64: 0
    65: 0
    66: 0
    67: 0
    68: 0
    69: 0
    70: 0
    71: 0
    72: 0
    73: 0
    74: 0
    75: 0
    76: 0
    77: 0
    78: 0
    79: 0
    80: 0
    81: 0
    82: 0
    83: 0
    84: 0
    85: 0
    86: 0
    87: 0
    88: 0
    89: 0
    90: 0
    91: 0
    92: 0
    93: 0
    94: 0
    95: 0
    96: 0
    97: 0
    98: 0
    99: 0
 sched: # Scheduler stats
  thCr: 1 # Threads created
  thFn: 1 # Threads finished
  schedEvs: 1 # Schedule events
  waitEvs: 0 # Wait events
  handoffEvs: 0 # Handoff events
  sleepEvs: 0 # Sleep events
  idlePhases: 0 # Phases with no thread active
  idlePeriods: 0 # Periods with no thread active
  occHist: # Occupancy histogram
   0: 0
   1: 8443
  rqSzHist: # Run queue size histogram
   0: 8443
   1: 0
   2: 0
   3: 0
   4: 0
   5: 0
   6: 0
   7: 0
   8: 0
   9: 0
   10: 0
   11: 0
   12: 0
   13: 0
   14: 0
   15: 0
   16: 0
 procCycles: # Per-process unhalted core cycles
  0: 84430914
  1: 0
  2: 0
  3: 0
  4: 0
  5: 0
  6: 0
  7: 0
  8: 0
  9: 0
  10: 0
  11: 0
  12: 0
  13: 0
  14: 0
  15: 0
  16: 0
  17: 0
  18: 0
  19: 0
  20: 0
  21: 0
  22: 0
  23: 0
  24: 0
  25: 0
  26: 0
  27: 0
  28: 0
  29: 0
  30: 0
  31: 0
  32: 0
  33: 0
  34: 0
  35: 0
  36: 0
  37: 0
  38: 0
  39: 0
  40: 0
  41: 0
  42: 0
  43: 0
  44: 0
  45: 0
  46: 0
  47: 0
  48: 0
  49: 0
  50: 0
  51: 0
  52: 0
  53: 0
  54: 0
  55: 0
  56: 0
  57: 0
  58: 0
  59: 0
  60: 0
  61: 0
  62: 0
  63: 0
 procInstrs: # Per-process instructions
  0: 100010220
  1: 0
  2: 0
  3: 0
  4: 0
  5: 0
  6: 0
  7: 0
  8: 0
  9: 0
  10: 0
  11: 0
  12: 0
  13: 0
  14: 0
  15: 0
  16: 0
  17: 0
  18: 0
  19: 0
  20: 0
  21: 0
  22: 0
  23: 0
  24: 0
  25: 0
  26: 0
  27: 0
  28: 0
  29: 0
  30: 0
  31: 0
  32: 0
  33: 0
  34: 0
  35: 0
  36: 0
  37: 0
  38: 0
  39: 0
  40: 0
  41: 0
  42: 0
  43: 0
  44: 0
  45: 0
  46: 0
  47: 0
  48: 0
  49: 0
  50: 0
  51: 0
  52: 0
  53: 0
  54: 0
  55: 0
  56: 0
  57: 0
  58: 0
  59: 0
  60: 0
  61: 0
  62: 0
  63: 0
 heartbeats: # Per-process heartbeats
  0: 0
  1: 0
  2: 0
  3: 0
  4: 0
  5: 0
  6: 0
  7: 0
  8: 0
  9: 0
  10: 0
  11: 0
  12: 0
  13: 0
  14: 0
  15: 0
  16: 0
  17: 0
  18: 0
  19: 0
  20: 0
  21: 0
  22: 0
  23: 0
  24: 0
  25: 0
  26: 0
  27: 0
  28: 0
  29: 0
  30: 0
  31: 0
  32: 0
  33: 0
  34: 0
  35: 0
  36: 0
  37: 0
  38: 0
  39: 0
  40: 0
  41: 0
  42: 0
  43: 0
  44: 0
  45: 0
  46: 0
  47: 0
  48: 0
  49: 0
  50: 0
  51: 0
  52: 0
  53: 0
  54: 0
  55: 0
  56: 0
  57: 0
  58: 0
  59: 0
  60: 0
  61: 0
  62: 0
  63: 0
===
