# zsim stats
===
root: # Stats
 contention: # Contention simulation stats
  domain-0: # Domain stats
   time: 1961511912 # Weave simulation time
 time: # Simulator time breakdown
  init: 2649626689455
  bound: 17994768938
  weave: 2280843342
  ff: 0
 trigger: 20000 # Reason for this stats dump
 phase: 17445 # Simulated phases
 westmere: # Core stats
  westmere-0: # Core stats
   cycles: 174451985 # Simulated unhalted cycles
   cCycles: 29847156 # Cycles due to contention stalls
   instrs: 100000891 # Simulated instructions
   uops: 108864086 # Retired micro-ops
   bbls: 19687590 # Basic blocks
   approxInstrs: 1893869 # Instrs with approx uop decoding
   mispredBranches: 1212298 # Mispredicted branches
   condBranches: 18533249 # conditional branches
 l1i: # Cache stats
  l1i-0: # Filter cache stats
   fhGETS: 25848667 # Filtered GETS hits
   fhGETX: 0 # Filtered GETX hits
   hGETS: 198850 # GETS hits
   hGETX: 0 # GETX hits
   mGETS: 1850 # GETS misses
   mGETXIM: 0 # GETX I->M misses
   mGETXSM: 0 # GETX S->M misses (upgrade misses)
   PUTS: 0 # Clean evictions (from lower level)
   PUTX: 0 # Dirty evictions (from lower level)
   INV: 10 # Invalidates (from upper level)
   INVX: 0 # Downgrades (from upper level)
   FWD: 0 # Forwards (from upper level)
   latGETnl: 207992 # GET request latency on next level
   latGETnet: 0 # GET request latency on network to next level
 l1d: # Cache stats
  l1d-0: # Filter cache stats
   fhGETS: 22320067 # Filtered GETS hits
   fhGETX: 4001349 # Filtered GETX hits
   hGETS: 2264417 # GETS hits
   hGETX: 2684747 # GETX hits
   mGETS: 3374035 # GETS misses
   mGETXIM: 672202 # GETX I->M misses
   mGETXSM: 0 # GETX S->M misses (upgrade misses)
   PUTS: 0 # Clean evictions (from lower level)
   PUTX: 0 # Dirty evictions (from lower level)
   INV: 0 # Invalidates (from upper level)
   INVX: 0 # Downgrades (from upper level)
   FWD: 0 # Forwards (from upper level)
   latGETnl: 269905040 # GET request latency on next level
   latGETnet: 0 # GET request latency on network to next level
 l2: # Cache stats
  l2-0: # Cache stats
   hGETS: 618811 # GETS hits
   hGETX: 83003 # GETX hits
   mGETS: 2757074 # GETS misses
   mGETXIM: 589199 # GETX I->M misses
   mGETXSM: 0 # GETX S->M misses (upgrade misses)
   PUTS: 2305583 # Clean evictions (from lower level)
   PUTX: 1741486 # Dirty evictions (from lower level)
   INV: 0 # Invalidates (from upper level)
   INVX: 0 # Downgrades (from upper level)
   FWD: 0 # Forwards (from upper level)
   latGETnl: 229632162 # GET request latency on next level
   latGETnet: 0 # GET request latency on network to next level
 l3: # Cache stats
  l3-0: # Cache stats
   hGETS: 1356610 # GETS hits
   hGETX: 330534 # GETX hits
   mGETS: 1400464 # GETS misses
   mGETXIM: 258665 # GETX I->M misses
   mGETXSM: 0 # GETX S->M misses (upgrade misses)
   PUTS: 1998023 # Clean evictions (from lower level)
   PUTX: 1344154 # Dirty evictions (from lower level)
   INV: 0 # Invalidates (from upper level)
   INVX: 0 # Downgrades (from upper level)
   FWD: 0 # Forwards (from upper level)
   latGETnl: 149321610 # GET request latency on next level
   latGETnet: 0 # GET request latency on network to next level
 mem: # Memory controller stats
  mem-0: # Memory controller stats
   rd: 415013 # Read requests
   wr: 156963 # Write requests
   rdlat: 56604614 # Total latency experienced by read requests
   wrlat: 24227956 # Total latency experienced by write requests
   rdhits: 10687 # Read row hits
   wrhits: 1002 # Write row hits
   mlh: # latency histogram for memory requests
    0: 0
    1: 0
    2: 0
    3: 0
    4: 0
    5: 0
    6: 0
    7: 0
    8: 0
    9: 0
    10: 1
    11: 660
    12: 440
    13: 364805
    14: 27685
    15: 8515
    16: 3175
    17: 882
    18: 477
    19: 480
    20: 542
    21: 607
    22: 545
    23: 452
    24: 810
    25: 696
    26: 125
    27: 159
    28: 229
    29: 213
    30: 220
    31: 248
    32: 272
    33: 270
    34: 278
    35: 241
    36: 260
    37: 291
    38: 233
    39: 222
    40: 216
    41: 201
    42: 234
    43: 118
    44: 43
    45: 32
    46: 37
    47: 45
    48: 37
    49: 6
    50: 4
    51: 3
    52: 3
    53: 0
    54: 0
    55: 0
    56: 0
    57: 1
    58: 0
    59: 0
    60: 0
    61: 0
    62: 0
    63: 0
    64: 0
    65: 0
    66: 0
    67: 0
    68: 0
    69: 0
    70: 0
    71: 0
    72: 0
    73: 0
    74: 0
    75: 0
    76: 0
    77: 0
    78: 0
    79: 0
    80: 0
    81: 0
    82: 0
    83: 0
    84: 0
    85: 0
    86: 0
    87: 0
    88: 0
    89: 0
    90: 0
    91: 0
    92: 0
    93: 0
    94: 0
    95: 0
    96: 0
    97: 0
    98: 0
    99: 0
  mem-1: # Memory controller stats
   rd: 415070 # Read requests
   wr: 157248 # Write requests
   rdlat: 56574585 # Total latency experienced by read requests
   wrlat: 24238181 # Total latency experienced by write requests
   rdhits: 10660 # Read row hits
   wrhits: 885 # Write row hits
   mlh: # latency histogram for memory requests
    0: 0
    1: 0
    2: 0
    3: 0
    4: 0
    5: 0
    6: 0
    7: 0
    8: 0
    9: 0
    10: 0
    11: 645
    12: 455
    13: 366489
    14: 26815
    15: 7446
    16: 3173
    17: 905
    18: 582
    19: 547
    20: 656
    21: 723
    22: 464
    23: 506
    24: 1007
    25: 599
    26: 146
    27: 151
    28: 183
    29: 206
    30: 213
    31: 241
    32: 254
    33: 242
    34: 259
    35: 225
    36: 250
    37: 247
    38: 196
    39: 253
    40: 223
    41: 215
    42: 217
    43: 100
    44: 46
    45: 34
    46: 43
    47: 47
    48: 41
    49: 9
    50: 6
    51: 4
    52: 1
    53: 4
    54: 1
    55: 1
    56: 0
    57: 0
    58: 0
    59: 0
    60: 0
    61: 0
    62: 0
    63: 0
    64: 0
    65: 0
    66: 0
    67: 0
    68: 0
    69: 0
    70: 0
    71: 0
    72: 0
    73: 0
    74: 0
    75: 0
    76: 0
    77: 0
    78: 0
    79: 0
    80: 0
    81: 0
    82: 0
    83: 0
    84: 0
    85: 0
    86: 0
    87: 0
    88: 0
    89: 0
    90: 0
    91: 0
    92: 0
    93: 0
    94: 0
    95: 0
    96: 0
    97: 0
    98: 0
    99: 0
  mem-2: # Memory controller stats
   rd: 414634 # Read requests
   wr: 156168 # Write requests
   rdlat: 56522166 # Total latency experienced by read requests
   wrlat: 24164926 # Total latency experienced by write requests
   rdhits: 10622 # Read row hits
   wrhits: 808 # Write row hits
   mlh: # latency histogram for memory requests
    0: 0
    1: 0
    2: 0
    3: 0
    4: 0
    5: 0
    6: 0
    7: 0
    8: 0
    9: 0
    10: 0
    11: 616
    12: 466
    13: 364877
    14: 27920
    15: 8085
    16: 3019
    17: 866
    18: 518
    19: 482
    20: 603
    21: 627
    22: 410
    23: 428
    24: 1046
    25: 597
    26: 158
    27: 155
    28: 176
    29: 198
    30: 232
    31: 213
    32: 228
    33: 230
    34: 257
    35: 263
    36: 259
    37: 284
    38: 242
    39: 208
    40: 228
    41: 215
    42: 231
    43: 116
    44: 25
    45: 29
    46: 22
    47: 42
    48: 39
    49: 8
    50: 5
    51: 3
    52: 3
    53: 2
    54: 3
    55: 0
    56: 0
    57: 0
    58: 0
    59: 0
    60: 0
    61: 0
    62: 0
    63: 0
    64: 0
    65: 0
    66: 0
    67: 0
    68: 0
    69: 0
    70: 0
    71: 0
    72: 0
    73: 0
    74: 0
    75: 0
    76: 0
    77: 0
    78: 0
    79: 0
    80: 0
    81: 0
    82: 0
    83: 0
    84: 0
    85: 0
    86: 0
    87: 0
    88: 0
    89: 0
    90: 0
    91: 0
    92: 0
    93: 0
    94: 0
    95: 0
    96: 0
    97: 0
    98: 0
    99: 0
  mem-3: # Memory controller stats
   rd: 414392 # Read requests
   wr: 156380 # Write requests
   rdlat: 56531983 # Total latency experienced by read requests
   wrlat: 24114835 # Total latency experienced by write requests
   rdhits: 10793 # Read row hits
   wrhits: 997 # Write row hits
   mlh: # latency histogram for memory requests
    0: 0
    1: 0
    2: 0
    3: 0
    4: 0
    5: 0
    6: 0
    7: 0
    8: 0
    9: 0
    10: 0
    11: 585
    12: 480
    13: 365328
    14: 27187
    15: 7264
    16: 3213
    17: 936
    18: 551
    19: 568
    20: 627
    21: 685
    22: 459
    23: 500
    24: 1030
    25: 781
    26: 187
    27: 171
    28: 181
    29: 202
    30: 234
    31: 238
    32: 264
    33: 249
    34: 253
    35: 252
    36: 268
    37: 257
    38: 218
    39: 252
    40: 246
    41: 243
    42: 203
    43: 96
    44: 32
    45: 37
    46: 28
    47: 31
    48: 26
    49: 5
    50: 3
    51: 6
    52: 4
    53: 5
    54: 2
    55: 1
    56: 2
    57: 1
    58: 0
    59: 0
    60: 0
    61: 0
    62: 1
    63: 0
    64: 0
    65: 0
    66: 0
    67: 0
    68: 0
    69: 0
    70: 0
    71: 0
    72: 0
    73: 0
    74: 0
    75: 0
    76: 0
    77: 0
    78: 0
    79: 0
    80: 0
    81: 0
    82: 0
    83: 0
    84: 0
    85: 0
    86: 0
    87: 0
    88: 0
    89: 0
    90: 0
    91: 0
    92: 0
    93: 0
    94: 0
    95: 0
    96: 0
    97: 0
    98: 0
    99: 0
 sched: # Scheduler stats
  thCr: 1 # Threads created
  thFn: 1 # Threads finished
  schedEvs: 1 # Schedule events
  waitEvs: 0 # Wait events
  handoffEvs: 0 # Handoff events
  sleepEvs: 0 # Sleep events
  idlePhases: 0 # Phases with no thread active
  idlePeriods: 0 # Periods with no thread active
  occHist: # Occupancy histogram
   0: 0
   1: 17445
  rqSzHist: # Run queue size histogram
   0: 17445
   1: 0
   2: 0
   3: 0
   4: 0
   5: 0
   6: 0
   7: 0
   8: 0
   9: 0
   10: 0
   11: 0
   12: 0
   13: 0
   14: 0
   15: 0
   16: 0
 procCycles: # Per-process unhalted core cycles
  0: 174451985
  1: 0
  2: 0
  3: 0
  4: 0
  5: 0
  6: 0
  7: 0
  8: 0
  9: 0
  10: 0
  11: 0
  12: 0
  13: 0
  14: 0
  15: 0
  16: 0
  17: 0
  18: 0
  19: 0
  20: 0
  21: 0
  22: 0
  23: 0
  24: 0
  25: 0
  26: 0
  27: 0
  28: 0
  29: 0
  30: 0
  31: 0
  32: 0
  33: 0
  34: 0
  35: 0
  36: 0
  37: 0
  38: 0
  39: 0
  40: 0
  41: 0
  42: 0
  43: 0
  44: 0
  45: 0
  46: 0
  47: 0
  48: 0
  49: 0
  50: 0
  51: 0
  52: 0
  53: 0
  54: 0
  55: 0
  56: 0
  57: 0
  58: 0
  59: 0
  60: 0
  61: 0
  62: 0
  63: 0
 procInstrs: # Per-process instructions
  0: 100000891
  1: 0
  2: 0
  3: 0
  4: 0
  5: 0
  6: 0
  7: 0
  8: 0
  9: 0
  10: 0
  11: 0
  12: 0
  13: 0
  14: 0
  15: 0
  16: 0
  17: 0
  18: 0
  19: 0
  20: 0
  21: 0
  22: 0
  23: 0
  24: 0
  25: 0
  26: 0
  27: 0
  28: 0
  29: 0
  30: 0
  31: 0
  32: 0
  33: 0
  34: 0
  35: 0
  36: 0
  37: 0
  38: 0
  39: 0
  40: 0
  41: 0
  42: 0
  43: 0
  44: 0
  45: 0
  46: 0
  47: 0
  48: 0
  49: 0
  50: 0
  51: 0
  52: 0
  53: 0
  54: 0
  55: 0
  56: 0
  57: 0
  58: 0
  59: 0
  60: 0
  61: 0
  62: 0
  63: 0
 heartbeats: # Per-process heartbeats
  0: 0
  1: 0
  2: 0
  3: 0
  4: 0
  5: 0
  6: 0
  7: 0
  8: 0
  9: 0
  10: 0
  11: 0
  12: 0
  13: 0
  14: 0
  15: 0
  16: 0
  17: 0
  18: 0
  19: 0
  20: 0
  21: 0
  22: 0
  23: 0
  24: 0
  25: 0
  26: 0
  27: 0
  28: 0
  29: 0
  30: 0
  31: 0
  32: 0
  33: 0
  34: 0
  35: 0
  36: 0
  37: 0
  38: 0
  39: 0
  40: 0
  41: 0
  42: 0
  43: 0
  44: 0
  45: 0
  46: 0
  47: 0
  48: 0
  49: 0
  50: 0
  51: 0
  52: 0
  53: 0
  54: 0
  55: 0
  56: 0
  57: 0
  58: 0
  59: 0
  60: 0
  61: 0
  62: 0
  63: 0
===
