# zsim stats
===
root: # Stats
 contention: # Contention simulation stats
  domain-0: # Domain stats
   time: 4485175217 # Weave simulation time
 time: # Simulator time breakdown
  init: 8311108047526
  bound: 87689102502
  weave: 69414026793
  ff: 0
 trigger: 20000 # Reason for this stats dump
 phase: 17359 # Simulated phases
 westmere: # Core stats
  westmere-0: # Core stats
   cycles: 173592879 # Simulated unhalted cycles
   cCycles: 45789253 # Cycles due to contention stalls
   instrs: 100006252 # Simulated instructions
   uops: 117232408 # Retired micro-ops
   bbls: 8769830 # Basic blocks
   approxInstrs: 737961 # Instrs with approx uop decoding
   mispredBranches: 70864 # Mispredicted branches
   condBranches: 8611315 # conditional branches
 l1i: # Cache stats
  l1i-0: # Filter cache stats
   fhGETS: 11618296 # Filtered GETS hits
   fhGETX: 0 # Filtered GETX hits
   hGETS: 354 # GETS hits
   hGETX: 0 # GETX hits
   mGETS: 1919 # GETS misses
   mGETXIM: 0 # GETX I->M misses
   mGETXSM: 0 # GETX S->M misses (upgrade misses)
   PUTS: 0 # Clean evictions (from lower level)
   PUTX: 0 # Dirty evictions (from lower level)
   INV: 1821 # Invalidates (from upper level)
   INVX: 0 # Downgrades (from upper level)
   FWD: 0 # Forwards (from upper level)
   latGETnl: 237500 # GET request latency on next level
   latGETnet: 0 # GET request latency on network to next level
 l1d: # Cache stats
  l1d-0: # Filter cache stats
   fhGETS: 19316263 # Filtered GETS hits
   fhGETX: 5377420 # Filtered GETX hits
   hGETS: 11489389 # GETS hits
   hGETX: 4691919 # GETX hits
   mGETS: 2486517 # GETS misses
   mGETXIM: 890038 # GETX I->M misses
   mGETXSM: 0 # GETX S->M misses (upgrade misses)
   PUTS: 0 # Clean evictions (from lower level)
   PUTX: 0 # Dirty evictions (from lower level)
   INV: 707981 # Invalidates (from upper level)
   INVX: 0 # Downgrades (from upper level)
   FWD: 0 # Forwards (from upper level)
   latGETnl: 309202090 # GET request latency on next level
   latGETnet: 0 # GET request latency on network to next level
 l2: # Cache stats
  l2-0: # Cache stats
   hGETS: 506804 # GETS hits
   hGETX: 212310 # GETX hits
   mGETS: 1981632 # GETS misses
   mGETXIM: 677728 # GETX I->M misses
   mGETXSM: 0 # GETX S->M misses (upgrade misses)
   PUTS: 1781387 # Clean evictions (from lower level)
   PUTX: 886738 # Dirty evictions (from lower level)
   INV: 1452456 # Invalidates (from upper level)
   INVX: 0 # Downgrades (from upper level)
   FWD: 0 # Forwards (from upper level)
   latGETnl: 275654850 # GET request latency on next level
   latGETnet: 0 # GET request latency on network to next level
 l3: # Cache stats
  l3-0: # Cache stats
   hGETS: 262730 # GETS hits
   hGETX: 42961 # GETX hits
   mGETS: 1718902 # GETS misses
   mGETXIM: 634767 # GETX I->M misses
   mGETXSM: 0 # GETX S->M misses (upgrade misses)
   PUTS: 862917 # Clean evictions (from lower level)
   PUTX: 340214 # Dirty evictions (from lower level)
   INV: 0 # Invalidates (from upper level)
   INVX: 0 # Downgrades (from upper level)
   FWD: 0 # Forwards (from upper level)
   latGETnl: 211830210 # GET request latency on next level
   latGETnet: 0 # GET request latency on network to next level
 mem: # Memory controller stats
  mem-0: # Memory controller stats
   rd: 589249 # Read requests
   wr: 211131 # Write requests
   rdlat: 87027625 # Total latency experienced by read requests
   wrlat: 34236594 # Total latency experienced by write requests
   rdhits: 976 # Read row hits
   wrhits: 430 # Write row hits
   mlh: # latency histogram for memory requests
    0: 0
    1: 0
    2: 0
    3: 0
    4: 0
    5: 0
    6: 0
    7: 0
    8: 0
    9: 0
    10: 0
    11: 36
    12: 28
    13: 373255
    14: 82243
    15: 54990
    16: 6152
    17: 19951
    18: 10708
    19: 5510
    20: 653
    21: 652
    22: 531
    23: 3288
    24: 14636
    25: 4830
    26: 2236
    27: 768
    28: 348
    29: 417
    30: 361
    31: 337
    32: 325
    33: 375
    34: 451
    35: 2343
    36: 520
    37: 334
    38: 319
    39: 334
    40: 322
    41: 338
    42: 371
    43: 234
    44: 123
    45: 88
    46: 78
    47: 124
    48: 148
    49: 114
    50: 75
    51: 68
    52: 46
    53: 35
    54: 35
    55: 21
    56: 2
    57: 0
    58: 23
    59: 23
    60: 13
    61: 9
    62: 4
    63: 9
    64: 3
    65: 3
    66: 0
    67: 0
    68: 0
    69: 5
    70: 1
    71: 1
    72: 0
    73: 0
    74: 1
    75: 0
    76: 1
    77: 0
    78: 0
    79: 0
    80: 0
    81: 0
    82: 0
    83: 0
    84: 0
    85: 0
    86: 0
    87: 0
    88: 0
    89: 0
    90: 0
    91: 0
    92: 0
    93: 0
    94: 0
    95: 0
    96: 0
    97: 0
    98: 0
    99: 0
  mem-1: # Memory controller stats
   rd: 588253 # Read requests
   wr: 211028 # Write requests
   rdlat: 86859543 # Total latency experienced by read requests
   wrlat: 34167427 # Total latency experienced by write requests
   rdhits: 843 # Read row hits
   wrhits: 464 # Write row hits
   mlh: # latency histogram for memory requests
    0: 0
    1: 0
    2: 0
    3: 0
    4: 0
    5: 0
    6: 0
    7: 0
    8: 0
    9: 0
    10: 0
    11: 18
    12: 18
    13: 371923
    14: 82353
    15: 55326
    16: 6467
    17: 19911
    18: 10678
    19: 5579
    20: 597
    21: 637
    22: 476
    23: 3259
    24: 14460
    25: 4798
    26: 2230
    27: 753
    28: 346
    29: 472
    30: 373
    31: 303
    32: 331
    33: 416
    34: 469
    35: 2351
    36: 565
    37: 321
    38: 320
    39: 323
    40: 334
    41: 303
    42: 356
    43: 217
    44: 105
    45: 76
    46: 60
    47: 132
    48: 158
    49: 94
    50: 70
    51: 61
    52: 42
    53: 32
    54: 25
    55: 10
    56: 9
    57: 2
    58: 25
    59: 22
    60: 11
    61: 12
    62: 7
    63: 9
    64: 5
    65: 0
    66: 0
    67: 0
    68: 0
    69: 3
    70: 0
    71: 0
    72: 0
    73: 0
    74: 0
    75: 0
    76: 0
    77: 0
    78: 0
    79: 0
    80: 0
    81: 0
    82: 0
    83: 0
    84: 0
    85: 0
    86: 0
    87: 0
    88: 0
    89: 0
    90: 0
    91: 0
    92: 0
    93: 0
    94: 0
    95: 0
    96: 0
    97: 0
    98: 0
    99: 0
  mem-2: # Memory controller stats
   rd: 588104 # Read requests
   wr: 211026 # Write requests
   rdlat: 86793581 # Total latency experienced by read requests
   wrlat: 34049747 # Total latency experienced by write requests
   rdhits: 767 # Read row hits
   wrhits: 359 # Write row hits
   mlh: # latency histogram for memory requests
    0: 0
    1: 0
    2: 0
    3: 0
    4: 0
    5: 0
    6: 0
    7: 0
    8: 0
    9: 0
    10: 0
    11: 54
    12: 63
    13: 372126
    14: 82710
    15: 55049
    16: 6262
    17: 19886
    18: 10687
    19: 5372
    20: 561
    21: 609
    22: 447
    23: 3306
    24: 14614
    25: 4784
    26: 2160
    27: 793
    28: 318
    29: 443
    30: 378
    31: 314
    32: 329
    33: 342
    34: 442
    35: 2374
    36: 522
    37: 308
    38: 328
    39: 319
    40: 320
    41: 351
    42: 355
    43: 230
    44: 97
    45: 90
    46: 51
    47: 117
    48: 174
    49: 92
    50: 57
    51: 56
    52: 46
    53: 38
    54: 30
    55: 16
    56: 6
    57: 6
    58: 13
    59: 27
    60: 8
    61: 5
    62: 1
    63: 8
    64: 3
    65: 2
    66: 0
    67: 0
    68: 0
    69: 3
    70: 0
    71: 0
    72: 1
    73: 1
    74: 0
    75: 0
    76: 0
    77: 0
    78: 0
    79: 0
    80: 0
    81: 0
    82: 0
    83: 0
    84: 0
    85: 0
    86: 0
    87: 0
    88: 0
    89: 0
    90: 0
    91: 0
    92: 0
    93: 0
    94: 0
    95: 0
    96: 0
    97: 0
    98: 0
    99: 0
  mem-3: # Memory controller stats
   rd: 588040 # Read requests
   wr: 211011 # Write requests
   rdlat: 86792119 # Total latency experienced by read requests
   wrlat: 34158287 # Total latency experienced by write requests
   rdhits: 658 # Read row hits
   wrhits: 449 # Write row hits
   mlh: # latency histogram for memory requests
    0: 0
    1: 0
    2: 0
    3: 0
    4: 0
    5: 0
    6: 0
    7: 0
    8: 0
    9: 0
    10: 0
    11: 41
    12: 19
    13: 371960
    14: 82525
    15: 55127
    16: 6425
    17: 19870
    18: 10694
    19: 5444
    20: 576
    21: 662
    22: 503
    23: 3319
    24: 14452
    25: 4807
    26: 2240
    27: 741
    28: 331
    29: 442
    30: 359
    31: 302
    32: 329
    33: 370
    34: 470
    35: 2408
    36: 562
    37: 330
    38: 309
    39: 354
    40: 309
    41: 284
    42: 319
    43: 210
    44: 114
    45: 65
    46: 70
    47: 114
    48: 168
    49: 103
    50: 73
    51: 66
    52: 29
    53: 30
    54: 26
    55: 15
    56: 5
    57: 5
    58: 15
    59: 11
    60: 13
    61: 9
    62: 1
    63: 2
    64: 4
    65: 3
    66: 3
    67: 0
    68: 0
    69: 2
    70: 0
    71: 0
    72: 0
    73: 0
    74: 0
    75: 0
    76: 0
    77: 0
    78: 1
    79: 0
    80: 0
    81: 0
    82: 0
    83: 0
    84: 0
    85: 0
    86: 0
    87: 0
    88: 0
    89: 0
    90: 0
    91: 0
    92: 0
    93: 0
    94: 0
    95: 0
    96: 0
    97: 0
    98: 0
    99: 0
 sched: # Scheduler stats
  thCr: 1 # Threads created
  thFn: 1 # Threads finished
  schedEvs: 1 # Schedule events
  waitEvs: 0 # Wait events
  handoffEvs: 0 # Handoff events
  sleepEvs: 0 # Sleep events
  idlePhases: 0 # Phases with no thread active
  idlePeriods: 0 # Periods with no thread active
  occHist: # Occupancy histogram
   0: 0
   1: 17359
  rqSzHist: # Run queue size histogram
   0: 17359
   1: 0
   2: 0
   3: 0
   4: 0
   5: 0
   6: 0
   7: 0
   8: 0
   9: 0
   10: 0
   11: 0
   12: 0
   13: 0
   14: 0
   15: 0
   16: 0
 procCycles: # Per-process unhalted core cycles
  0: 173592879
  1: 0
  2: 0
  3: 0
  4: 0
  5: 0
  6: 0
  7: 0
  8: 0
  9: 0
  10: 0
  11: 0
  12: 0
  13: 0
  14: 0
  15: 0
  16: 0
  17: 0
  18: 0
  19: 0
  20: 0
  21: 0
  22: 0
  23: 0
  24: 0
  25: 0
  26: 0
  27: 0
  28: 0
  29: 0
  30: 0
  31: 0
  32: 0
  33: 0
  34: 0
  35: 0
  36: 0
  37: 0
  38: 0
  39: 0
  40: 0
  41: 0
  42: 0
  43: 0
  44: 0
  45: 0
  46: 0
  47: 0
  48: 0
  49: 0
  50: 0
  51: 0
  52: 0
  53: 0
  54: 0
  55: 0
  56: 0
  57: 0
  58: 0
  59: 0
  60: 0
  61: 0
  62: 0
  63: 0
 procInstrs: # Per-process instructions
  0: 100006252
  1: 0
  2: 0
  3: 0
  4: 0
  5: 0
  6: 0
  7: 0
  8: 0
  9: 0
  10: 0
  11: 0
  12: 0
  13: 0
  14: 0
  15: 0
  16: 0
  17: 0
  18: 0
  19: 0
  20: 0
  21: 0
  22: 0
  23: 0
  24: 0
  25: 0
  26: 0
  27: 0
  28: 0
  29: 0
  30: 0
  31: 0
  32: 0
  33: 0
  34: 0
  35: 0
  36: 0
  37: 0
  38: 0
  39: 0
  40: 0
  41: 0
  42: 0
  43: 0
  44: 0
  45: 0
  46: 0
  47: 0
  48: 0
  49: 0
  50: 0
  51: 0
  52: 0
  53: 0
  54: 0
  55: 0
  56: 0
  57: 0
  58: 0
  59: 0
  60: 0
  61: 0
  62: 0
  63: 0
 heartbeats: # Per-process heartbeats
  0: 0
  1: 0
  2: 0
  3: 0
  4: 0
  5: 0
  6: 0
  7: 0
  8: 0
  9: 0
  10: 0
  11: 0
  12: 0
  13: 0
  14: 0
  15: 0
  16: 0
  17: 0
  18: 0
  19: 0
  20: 0
  21: 0
  22: 0
  23: 0
  24: 0
  25: 0
  26: 0
  27: 0
  28: 0
  29: 0
  30: 0
  31: 0
  32: 0
  33: 0
  34: 0
  35: 0
  36: 0
  37: 0
  38: 0
  39: 0
  40: 0
  41: 0
  42: 0
  43: 0
  44: 0
  45: 0
  46: 0
  47: 0
  48: 0
  49: 0
  50: 0
  51: 0
  52: 0
  53: 0
  54: 0
  55: 0
  56: 0
  57: 0
  58: 0
  59: 0
  60: 0
  61: 0
  62: 0
  63: 0
===
