# zsim stats
===
root: # Stats
 contention: # Contention simulation stats
  domain-0: # Domain stats
   time: 425108396 # Weave simulation time
 time: # Simulator time breakdown
  init: 59447607219
  bound: 12489556391
  weave: 579849654
  ff: 0
 trigger: 20000 # Reason for this stats dump
 phase: 9274 # Simulated phases
 westmere: # Core stats
  westmere-0: # Core stats
   cycles: 92740086 # Simulated unhalted cycles
   cCycles: 7336703 # Cycles due to contention stalls
   instrs: 100020243 # Simulated instructions
   uops: 113819984 # Retired micro-ops
   bbls: 14848367 # Basic blocks
   approxInstrs: 596117 # Instrs with approx uop decoding
   mispredBranches: 789684 # Mispredicted branches
   condBranches: 12877409 # conditional branches
 l1i: # Cache stats
  l1i-0: # Filter cache stats
   fhGETS: 19608460 # Filtered GETS hits
   fhGETX: 0 # Filtered GETX hits
   hGETS: 195 # GETS hits
   hGETX: 0 # GETX hits
   mGETS: 1061 # GETS misses
   mGETXIM: 0 # GETX I->M misses
   mGETXSM: 0 # GETX S->M misses (upgrade misses)
   PUTS: 0 # Clean evictions (from lower level)
   PUTX: 0 # Dirty evictions (from lower level)
   INV: 1034 # Invalidates (from upper level)
   INVX: 0 # Downgrades (from upper level)
   FWD: 0 # Forwards (from upper level)
   latGETnl: 131564 # GET request latency on next level
   latGETnet: 0 # GET request latency on network to next level
 l1d: # Cache stats
  l1d-0: # Filter cache stats
   fhGETS: 25375232 # Filtered GETS hits
   fhGETX: 11438522 # Filtered GETX hits
   hGETS: 987348 # GETS hits
   hGETX: 1627790 # GETX hits
   mGETS: 1935446 # GETS misses
   mGETXIM: 1093594 # GETX I->M misses
   mGETXSM: 0 # GETX S->M misses (upgrade misses)
   PUTS: 0 # Clean evictions (from lower level)
   PUTX: 0 # Dirty evictions (from lower level)
   INV: 23282 # Invalidates (from upper level)
   INVX: 0 # Downgrades (from upper level)
   FWD: 0 # Forwards (from upper level)
   latGETnl: 104246040 # GET request latency on next level
   latGETnet: 0 # GET request latency on network to next level
 l2: # Cache stats
  l2-0: # Cache stats
   hGETS: 941558 # GETS hits
   hGETX: 120512 # GETX hits
   mGETS: 994949 # GETS misses
   mGETXIM: 973082 # GETX I->M misses
   mGETXSM: 0 # GETX S->M misses (upgrade misses)
   PUTS: 928220 # Clean evictions (from lower level)
   PUTX: 2077026 # Dirty evictions (from lower level)
   INV: 52270 # Invalidates (from upper level)
   INVX: 0 # Downgrades (from upper level)
   FWD: 0 # Forwards (from upper level)
   latGETnl: 74076594 # GET request latency on next level
   latGETnet: 0 # GET request latency on network to next level
 l3: # Cache stats
  l3-0: # Cache stats
   hGETS: 883085 # GETS hits
   hGETX: 786681 # GETX hits
   mGETS: 111864 # GETS misses
   mGETXIM: 186401 # GETX I->M misses
   mGETXSM: 0 # GETX S->M misses (upgrade misses)
   PUTS: 559446 # Clean evictions (from lower level)
   PUTX: 1352219 # Dirty evictions (from lower level)
   INV: 0 # Invalidates (from upper level)
   INVX: 0 # Downgrades (from upper level)
   FWD: 0 # Forwards (from upper level)
   latGETnl: 26843850 # GET request latency on next level
   latGETnet: 0 # GET request latency on network to next level
 mem: # Memory controller stats
  mem-0: # Memory controller stats
   rd: 74503 # Read requests
   wr: 51240 # Write requests
   rdlat: 10232495 # Total latency experienced by read requests
   wrlat: 7899655 # Total latency experienced by write requests
   rdhits: 2267 # Read row hits
   wrhits: 944 # Write row hits
   mlh: # latency histogram for memory requests
    0: 0
    1: 0
    2: 0
    3: 0
    4: 0
    5: 0
    6: 0
    7: 0
    8: 0
    9: 1
    10: 0
    11: 241
    12: 327
    13: 64728
    14: 3344
    15: 1648
    16: 1059
    17: 431
    18: 419
    19: 470
    20: 457
    21: 279
    22: 93
    23: 92
    24: 97
    25: 62
    26: 28
    27: 28
    28: 34
    29: 37
    30: 39
    31: 51
    32: 51
    33: 42
    34: 46
    35: 44
    36: 31
    37: 45
    38: 34
    39: 35
    40: 46
    41: 32
    42: 45
    43: 22
    44: 23
    45: 10
    46: 12
    47: 10
    48: 4
    49: 2
    50: 0
    51: 0
    52: 1
    53: 0
    54: 1
    55: 1
    56: 0
    57: 1
    58: 0
    59: 0
    60: 0
    61: 0
    62: 0
    63: 0
    64: 0
    65: 0
    66: 0
    67: 0
    68: 0
    69: 0
    70: 0
    71: 0
    72: 0
    73: 0
    74: 0
    75: 0
    76: 0
    77: 0
    78: 0
    79: 0
    80: 0
    81: 0
    82: 0
    83: 0
    84: 0
    85: 0
    86: 0
    87: 0
    88: 0
    89: 0
    90: 0
    91: 0
    92: 0
    93: 0
    94: 0
    95: 0
    96: 0
    97: 0
    98: 0
    99: 0
  mem-1: # Memory controller stats
   rd: 74740 # Read requests
   wr: 51445 # Write requests
   rdlat: 10300294 # Total latency experienced by read requests
   wrlat: 7951992 # Total latency experienced by write requests
   rdhits: 2477 # Read row hits
   wrhits: 960 # Write row hits
   mlh: # latency histogram for memory requests
    0: 0
    1: 0
    2: 0
    3: 0
    4: 0
    5: 0
    6: 0
    7: 0
    8: 0
    9: 0
    10: 2
    11: 264
    12: 347
    13: 64603
    14: 3285
    15: 1722
    16: 1076
    17: 463
    18: 479
    19: 492
    20: 500
    21: 333
    22: 95
    23: 86
    24: 108
    25: 77
    26: 34
    27: 33
    28: 41
    29: 39
    30: 27
    31: 37
    32: 34
    33: 51
    34: 56
    35: 47
    36: 36
    37: 48
    38: 42
    39: 40
    40: 46
    41: 69
    42: 43
    43: 24
    44: 10
    45: 14
    46: 10
    47: 12
    48: 5
    49: 3
    50: 3
    51: 1
    52: 1
    53: 0
    54: 1
    55: 0
    56: 0
    57: 1
    58: 0
    59: 0
    60: 0
    61: 0
    62: 0
    63: 0
    64: 0
    65: 0
    66: 0
    67: 0
    68: 0
    69: 0
    70: 0
    71: 0
    72: 0
    73: 0
    74: 0
    75: 0
    76: 0
    77: 0
    78: 0
    79: 0
    80: 0
    81: 0
    82: 0
    83: 0
    84: 0
    85: 0
    86: 0
    87: 0
    88: 0
    89: 0
    90: 0
    91: 0
    92: 0
    93: 0
    94: 0
    95: 0
    96: 0
    97: 0
    98: 0
    99: 0
  mem-2: # Memory controller stats
   rd: 74682 # Read requests
   wr: 51238 # Write requests
   rdlat: 10285872 # Total latency experienced by read requests
   wrlat: 7945772 # Total latency experienced by write requests
   rdhits: 2553 # Read row hits
   wrhits: 954 # Write row hits
   mlh: # latency histogram for memory requests
    0: 0
    1: 0
    2: 0
    3: 0
    4: 0
    5: 0
    6: 0
    7: 0
    8: 0
    9: 1
    10: 0
    11: 263
    12: 380
    13: 64540
    14: 3271
    15: 1677
    16: 1111
    17: 461
    18: 468
    19: 517
    20: 454
    21: 349
    22: 111
    23: 119
    24: 90
    25: 73
    26: 34
    27: 35
    28: 31
    29: 37
    30: 34
    31: 37
    32: 39
    33: 49
    34: 39
    35: 31
    36: 42
    37: 45
    38: 60
    39: 49
    40: 52
    41: 60
    42: 43
    43: 28
    44: 9
    45: 10
    46: 13
    47: 9
    48: 6
    49: 1
    50: 3
    51: 1
    52: 0
    53: 0
    54: 0
    55: 0
    56: 0
    57: 0
    58: 0
    59: 0
    60: 0
    61: 0
    62: 0
    63: 0
    64: 0
    65: 0
    66: 0
    67: 0
    68: 0
    69: 0
    70: 0
    71: 0
    72: 0
    73: 0
    74: 0
    75: 0
    76: 0
    77: 0
    78: 0
    79: 0
    80: 0
    81: 0
    82: 0
    83: 0
    84: 0
    85: 0
    86: 0
    87: 0
    88: 0
    89: 0
    90: 0
    91: 0
    92: 0
    93: 0
    94: 0
    95: 0
    96: 0
    97: 0
    98: 0
    99: 0
  mem-3: # Memory controller stats
   rd: 74340 # Read requests
   wr: 51115 # Write requests
   rdlat: 10213545 # Total latency experienced by read requests
   wrlat: 7876216 # Total latency experienced by write requests
   rdhits: 2264 # Read row hits
   wrhits: 908 # Write row hits
   mlh: # latency histogram for memory requests
    0: 0
    1: 0
    2: 0
    3: 0
    4: 0
    5: 0
    6: 0
    7: 0
    8: 0
    9: 0
    10: 1
    11: 265
    12: 339
    13: 64563
    14: 3254
    15: 1765
    16: 1000
    17: 381
    18: 443
    19: 473
    20: 400
    21: 350
    22: 111
    23: 86
    24: 97
    25: 64
    26: 51
    27: 25
    28: 32
    29: 41
    30: 44
    31: 38
    32: 32
    33: 42
    34: 37
    35: 40
    36: 39
    37: 51
    38: 56
    39: 46
    40: 35
    41: 45
    42: 36
    43: 17
    44: 13
    45: 12
    46: 8
    47: 4
    48: 1
    49: 0
    50: 0
    51: 0
    52: 1
    53: 0
    54: 0
    55: 1
    56: 0
    57: 0
    58: 1
    59: 0
    60: 0
    61: 0
    62: 0
    63: 0
    64: 0
    65: 0
    66: 0
    67: 0
    68: 0
    69: 0
    70: 0
    71: 0
    72: 0
    73: 0
    74: 0
    75: 0
    76: 0
    77: 0
    78: 0
    79: 0
    80: 0
    81: 0
    82: 0
    83: 0
    84: 0
    85: 0
    86: 0
    87: 0
    88: 0
    89: 0
    90: 0
    91: 0
    92: 0
    93: 0
    94: 0
    95: 0
    96: 0
    97: 0
    98: 0
    99: 0
 sched: # Scheduler stats
  thCr: 1 # Threads created
  thFn: 1 # Threads finished
  schedEvs: 1 # Schedule events
  waitEvs: 0 # Wait events
  handoffEvs: 0 # Handoff events
  sleepEvs: 0 # Sleep events
  idlePhases: 0 # Phases with no thread active
  idlePeriods: 0 # Periods with no thread active
  occHist: # Occupancy histogram
   0: 0
   1: 9274
  rqSzHist: # Run queue size histogram
   0: 9274
   1: 0
   2: 0
   3: 0
   4: 0
   5: 0
   6: 0
   7: 0
   8: 0
   9: 0
   10: 0
   11: 0
   12: 0
   13: 0
   14: 0
   15: 0
   16: 0
 procCycles: # Per-process unhalted core cycles
  0: 92740086
  1: 0
  2: 0
  3: 0
  4: 0
  5: 0
  6: 0
  7: 0
  8: 0
  9: 0
  10: 0
  11: 0
  12: 0
  13: 0
  14: 0
  15: 0
  16: 0
  17: 0
  18: 0
  19: 0
  20: 0
  21: 0
  22: 0
  23: 0
  24: 0
  25: 0
  26: 0
  27: 0
  28: 0
  29: 0
  30: 0
  31: 0
  32: 0
  33: 0
  34: 0
  35: 0
  36: 0
  37: 0
  38: 0
  39: 0
  40: 0
  41: 0
  42: 0
  43: 0
  44: 0
  45: 0
  46: 0
  47: 0
  48: 0
  49: 0
  50: 0
  51: 0
  52: 0
  53: 0
  54: 0
  55: 0
  56: 0
  57: 0
  58: 0
  59: 0
  60: 0
  61: 0
  62: 0
  63: 0
 procInstrs: # Per-process instructions
  0: 100020243
  1: 0
  2: 0
  3: 0
  4: 0
  5: 0
  6: 0
  7: 0
  8: 0
  9: 0
  10: 0
  11: 0
  12: 0
  13: 0
  14: 0
  15: 0
  16: 0
  17: 0
  18: 0
  19: 0
  20: 0
  21: 0
  22: 0
  23: 0
  24: 0
  25: 0
  26: 0
  27: 0
  28: 0
  29: 0
  30: 0
  31: 0
  32: 0
  33: 0
  34: 0
  35: 0
  36: 0
  37: 0
  38: 0
  39: 0
  40: 0
  41: 0
  42: 0
  43: 0
  44: 0
  45: 0
  46: 0
  47: 0
  48: 0
  49: 0
  50: 0
  51: 0
  52: 0
  53: 0
  54: 0
  55: 0
  56: 0
  57: 0
  58: 0
  59: 0
  60: 0
  61: 0
  62: 0
  63: 0
 heartbeats: # Per-process heartbeats
  0: 0
  1: 0
  2: 0
  3: 0
  4: 0
  5: 0
  6: 0
  7: 0
  8: 0
  9: 0
  10: 0
  11: 0
  12: 0
  13: 0
  14: 0
  15: 0
  16: 0
  17: 0
  18: 0
  19: 0
  20: 0
  21: 0
  22: 0
  23: 0
  24: 0
  25: 0
  26: 0
  27: 0
  28: 0
  29: 0
  30: 0
  31: 0
  32: 0
  33: 0
  34: 0
  35: 0
  36: 0
  37: 0
  38: 0
  39: 0
  40: 0
  41: 0
  42: 0
  43: 0
  44: 0
  45: 0
  46: 0
  47: 0
  48: 0
  49: 0
  50: 0
  51: 0
  52: 0
  53: 0
  54: 0
  55: 0
  56: 0
  57: 0
  58: 0
  59: 0
  60: 0
  61: 0
  62: 0
  63: 0
===
